  [1m[35m (3.4ms)[0m  [1m[34mSELECT sqlite_version(*)[0m
  [1m[35m (1.3ms)[0m  [1m[35mCREATE TABLE "schema_migrations" ("version" varchar NOT NULL PRIMARY KEY)[0m
  [1m[35m (1.4ms)[0m  [1m[35mCREATE TABLE "ar_internal_metadata" ("key" varchar NOT NULL PRIMARY KEY, "value" varchar, "created_at" datetime(6) NOT NULL, "updated_at" datetime(6) NOT NULL)[0m
  [1m[35m (0.2ms)[0m  [1m[34mSELECT "schema_migrations"."version" FROM "schema_migrations" ORDER BY "schema_migrations"."version" ASC[0m
  [1m[35m (0.1ms)[0m  [1m[34mSELECT "schema_migrations"."version" FROM "schema_migrations" ORDER BY "schema_migrations"."version" ASC[0m
  [1m[35m (0.1ms)[0m  [1m[34mSELECT "schema_migrations"."version" FROM "schema_migrations" ORDER BY "schema_migrations"."version" ASC[0m
  [1m[35m (0.0ms)[0m  [1m[34mSELECT sqlite_version(*)[0m
  [1m[35m (0.1ms)[0m  [1m[34mSELECT "schema_migrations"."version" FROM "schema_migrations" ORDER BY "schema_migrations"."version" ASC[0m
  [1m[35m (1.1ms)[0m  [1m[34mSELECT sqlite_version(*)[0m
  [1m[35m (1.5ms)[0m  [1m[35mCREATE TABLE "schema_migrations" ("version" varchar NOT NULL PRIMARY KEY)[0m
  [1m[35m (1.3ms)[0m  [1m[35mCREATE TABLE "ar_internal_metadata" ("key" varchar NOT NULL PRIMARY KEY, "value" varchar, "created_at" datetime(6) NOT NULL, "updated_at" datetime(6) NOT NULL)[0m
  [1m[35m (0.2ms)[0m  [1m[34mSELECT "schema_migrations"."version" FROM "schema_migrations" ORDER BY "schema_migrations"."version" ASC[0m
Migrating to CreateUsers (20200323101156)
  [1m[35m (0.1ms)[0m  [1m[36mbegin transaction[0m
  [1m[35m (0.5ms)[0m  [1m[35mCREATE TABLE "users" ("id" integer PRIMARY KEY AUTOINCREMENT NOT NULL, "first_name" varchar, "last_name" varchar, "email" varchar, "password_digest" varchar, "created_at" datetime(6) NOT NULL, "updated_at" datetime(6) NOT NULL)[0m
  [1m[36mprimary::SchemaMigration Create (0.2ms)[0m  [1m[32mINSERT INTO "schema_migrations" ("version") VALUES (?)[0m  [["version", "20200323101156"]]
  [1m[35m (1.2ms)[0m  [1m[36mcommit transaction[0m
Migrating to CreateRestaurants (20200323103427)
  [1m[35m (0.1ms)[0m  [1m[36mbegin transaction[0m
  [1m[35m (0.5ms)[0m  [1m[35mCREATE TABLE "restaurants" ("id" integer PRIMARY KEY AUTOINCREMENT NOT NULL, "name" varchar, "cuisine" varchar, "picture" varchar, "zomato_id" integer, "longitude" float, "latitude" float, "created_at" datetime(6) NOT NULL, "updated_at" datetime(6) NOT NULL)[0m
  [1m[36mprimary::SchemaMigration Create (0.1ms)[0m  [1m[32mINSERT INTO "schema_migrations" ("version") VALUES (?)[0m  [["version", "20200323103427"]]
  [1m[35m (0.8ms)[0m  [1m[36mcommit transaction[0m
Migrating to CreateFavourites (20200323103941)
  [1m[35m (0.2ms)[0m  [1m[36mbegin transaction[0m
  [1m[35m (0.6ms)[0m  [1m[35mCREATE TABLE "favourites" ("id" integer PRIMARY KEY AUTOINCREMENT NOT NULL, "user_id" integer NOT NULL, "restaurant_id" integer NOT NULL, "created_at" datetime(6) NOT NULL, "updated_at" datetime(6) NOT NULL, CONSTRAINT "fk_rails_3073f88368"
FOREIGN KEY ("user_id")
  REFERENCES "users" ("id")
, CONSTRAINT "fk_rails_7a665e53cd"
FOREIGN KEY ("restaurant_id")
  REFERENCES "restaurants" ("id")
)[0m
  [1m[35m (0.1ms)[0m  [1m[35mCREATE  INDEX "index_favourites_on_user_id" ON "favourites" ("user_id")[0m
  [1m[35m (0.2ms)[0m  [1m[35mCREATE  INDEX "index_favourites_on_restaurant_id" ON "favourites" ("restaurant_id")[0m
  [1m[36mprimary::SchemaMigration Create (0.1ms)[0m  [1m[32mINSERT INTO "schema_migrations" ("version") VALUES (?)[0m  [["version", "20200323103941"]]
  [1m[35m (0.9ms)[0m  [1m[36mcommit transaction[0m
  [1m[36mActiveRecord::InternalMetadata Load (0.2ms)[0m  [1m[34mSELECT "ar_internal_metadata".* FROM "ar_internal_metadata" WHERE "ar_internal_metadata"."key" = ? LIMIT ?[0m  [["key", "environment"], ["LIMIT", 1]]
  [1m[35m (0.0ms)[0m  [1m[36mbegin transaction[0m
  [1m[36mActiveRecord::InternalMetadata Create (0.5ms)[0m  [1m[32mINSERT INTO "ar_internal_metadata" ("key", "value", "created_at", "updated_at") VALUES (?, ?, ?, ?)[0m  [["key", "environment"], ["value", "development"], ["created_at", "2020-03-23 10:49:23.900977"], ["updated_at", "2020-03-23 10:49:23.900977"]]
  [1m[35m (8.2ms)[0m  [1m[36mcommit transaction[0m
  [1m[35m (0.0ms)[0m  [1m[34mSELECT sqlite_version(*)[0m
  [1m[35m (0.1ms)[0m  [1m[34mSELECT "schema_migrations"."version" FROM "schema_migrations" ORDER BY "schema_migrations"."version" ASC[0m
  [1m[35m (0.4ms)[0m  [1m[34mSELECT sqlite_version(*)[0m
  [1m[35m (0.1ms)[0m  [1m[34mSELECT "schema_migrations"."version" FROM "schema_migrations" ORDER BY "schema_migrations"."version" ASC[0m
  [1m[35m (0.1ms)[0m  [1m[34mSELECT sqlite_version(*)[0m
  [1m[35m (0.1ms)[0m  [1m[36mbegin transaction[0m
  [1m[36mUser Create (0.6ms)[0m  [1m[32mINSERT INTO "users" ("first_name", "last_name", "email", "password_digest", "created_at", "updated_at") VALUES (?, ?, ?, ?, ?, ?)[0m  [["first_name", "Sam"], ["last_name", "Kyp"], ["email", "sam@h.com"], ["password_digest", "$2a$12$vOJtjYMAFQgnkX79JttGj.Sb6odxGzDfXNn5aajj6CZ0nv6YKAVbm"], ["created_at", "2020-03-23 10:49:33.098946"], ["updated_at", "2020-03-23 10:49:33.098946"]]
  [1m[35m (1.0ms)[0m  [1m[36mcommit transaction[0m
  [1m[35m (0.1ms)[0m  [1m[36mbegin transaction[0m
  [1m[36mRestaurant Create (0.4ms)[0m  [1m[32mINSERT INTO "restaurants" ("name", "cuisine", "picture", "zomato_id", "longitude", "latitude", "created_at", "updated_at") VALUES (?, ?, ?, ?, ?, ?, ?, ?)[0m  [["name", "Arpan Family Dining Bar"], ["cuisine", "Indian"], ["picture", "https://b.zmtcdn.com/data/pictures/chains/2/32432/b4c3870cddd397c0e8519b35af52de76.jpg?fit=around%7C200%3A200&crop=200%3A200%3B%2A%2C%2A"], ["zomato_id", 32432], ["longitude", 72.9269316047], ["latitude", 19.1111460672], ["created_at", "2020-03-23 10:49:33.133051"], ["updated_at", "2020-03-23 10:49:33.133051"]]
  [1m[35m (1.0ms)[0m  [1m[36mcommit transaction[0m
  [1m[35m (0.1ms)[0m  [1m[36mbegin transaction[0m
  [1m[36mFavourite Create (0.5ms)[0m  [1m[32mINSERT INTO "favourites" ("user_id", "restaurant_id", "created_at", "updated_at") VALUES (?, ?, ?, ?)[0m  [["user_id", 1], ["restaurant_id", 1], ["created_at", "2020-03-23 10:49:33.195569"], ["updated_at", "2020-03-23 10:49:33.195569"]]
  [1m[35m (0.9ms)[0m  [1m[36mcommit transaction[0m
  [1m[35m (0.4ms)[0m  [1m[34mSELECT sqlite_version(*)[0m
  [1m[36mUser Load (0.2ms)[0m  [1m[34mSELECT "users".* FROM "users" LIMIT ?[0m  [["LIMIT", 11]]
  [1m[36mRestaurant Load (0.3ms)[0m  [1m[34mSELECT "restaurants".* FROM "restaurants" LIMIT ?[0m  [["LIMIT", 11]]
  [1m[36mRestaurant Load (0.4ms)[0m  [1m[34mSELECT "restaurants".* FROM "restaurants" ORDER BY "restaurants"."id" ASC LIMIT ?[0m  [["LIMIT", 1]]
  [1m[36mRestaurant Load (0.2ms)[0m  [1m[34mSELECT "restaurants".* FROM "restaurants" ORDER BY "restaurants"."id" ASC LIMIT ?[0m  [["LIMIT", 1]]
  [1m[36mUser Load (0.2ms)[0m  [1m[34mSELECT "users".* FROM "users" INNER JOIN "favourites" ON "users"."id" = "favourites"."user_id" WHERE "favourites"."restaurant_id" = ? LIMIT ?[0m  [["restaurant_id", 1], ["LIMIT", 11]]
  [1m[36mFavourite Load (0.3ms)[0m  [1m[34mSELECT "favourites".* FROM "favourites" LIMIT ?[0m  [["LIMIT", 11]]
Started GET "/users" for ::1 at 2020-03-23 11:08:32 +0000
  [1m[35m (1.7ms)[0m  [1m[34mSELECT sqlite_version(*)[0m
  [1m[35m (0.2ms)[0m  [1m[34mSELECT "schema_migrations"."version" FROM "schema_migrations" ORDER BY "schema_migrations"."version" ASC[0m
Processing by UsersController#index as HTML
  [1m[36mUser Load (0.3ms)[0m  [1m[34mSELECT "users".* FROM "users"[0m
  ↳ app/controllers/users_controller.rb:9:in `index'
[active_model_serializers]   [1m[36mRestaurant Load (0.3ms)[0m  [1m[34mSELECT "restaurants".* FROM "restaurants" INNER JOIN "favourites" ON "restaurants"."id" = "favourites"."restaurant_id" WHERE "favourites"."user_id" = ?[0m  [["user_id", 1]]
[active_model_serializers]   ↳ app/serializers/user_serializer.rb:16:in `map'
[active_model_serializers] Rendered ActiveModel::Serializer::CollectionSerializer with ActiveModelSerializers::Adapter::Attributes (36.31ms)
Completed 200 OK in 67ms (Views: 57.5ms | ActiveRecord: 2.0ms | Allocations: 22565)


Started GET "/users" for ::1 at 2020-03-23 11:17:53 +0000
  [1m[35m (1.2ms)[0m  [1m[34mSELECT sqlite_version(*)[0m
  [1m[35m (0.8ms)[0m  [1m[34mSELECT "schema_migrations"."version" FROM "schema_migrations" ORDER BY "schema_migrations"."version" ASC[0m
Processing by UsersController#index as HTML
  [1m[36mUser Load (0.6ms)[0m  [1m[34mSELECT "users".* FROM "users"[0m
  ↳ app/controllers/users_controller.rb:9:in `index'
[active_model_serializers] Rendered ActiveModel::Serializer::CollectionSerializer with ActiveModelSerializers::Adapter::Attributes (4.76ms)
Completed 500 Internal Server Error in 34ms (ActiveRecord: 1.6ms | Allocations: 11492)


  
NoMethodError (undefined method `user' for #<User:0x00007fc1279d27a0>
Did you mean?  super):
  
app/controllers/users_controller.rb:9:in `index'
Started GET "/users" for ::1 at 2020-03-23 11:18:22 +0000
  [1m[35m (0.1ms)[0m  [1m[34mSELECT sqlite_version(*)[0m
Processing by UsersController#index as HTML
  [1m[36mUser Load (0.5ms)[0m  [1m[34mSELECT "users".* FROM "users"[0m
  ↳ app/controllers/users_controller.rb:9:in `index'
[active_model_serializers]   [1m[36mRestaurant Load (1.2ms)[0m  [1m[34mSELECT "restaurants".* FROM "restaurants" INNER JOIN "favourites" ON "restaurants"."id" = "favourites"."restaurant_id" WHERE "favourites"."user_id" = ?[0m  [["user_id", 1]]
[active_model_serializers]   ↳ app/serializers/user_serializer.rb:16:in `map'
[active_model_serializers] Rendered ActiveModel::Serializer::CollectionSerializer with ActiveModelSerializers::Adapter::Attributes (32.47ms)
Completed 200 OK in 47ms (Views: 40.4ms | ActiveRecord: 3.2ms | Allocations: 19827)


Started GET "/users" for ::1 at 2020-03-23 14:14:04 +0000
  [1m[35m (1.6ms)[0m  [1m[34mSELECT sqlite_version(*)[0m
  [1m[35m (0.6ms)[0m  [1m[34mSELECT "schema_migrations"."version" FROM "schema_migrations" ORDER BY "schema_migrations"."version" ASC[0m
Processing by UsersController#index as HTML
  [1m[36mUser Load (0.6ms)[0m  [1m[34mSELECT "users".* FROM "users"[0m
  ↳ app/controllers/users_controller.rb:9:in `index'
[active_model_serializers]   [1m[36mRestaurant Load (1.2ms)[0m  [1m[34mSELECT "restaurants".* FROM "restaurants" INNER JOIN "favourites" ON "restaurants"."id" = "favourites"."restaurant_id" WHERE "favourites"."user_id" = ?[0m  [["user_id", 1]]
[active_model_serializers]   ↳ app/serializers/user_serializer.rb:16:in `map'
[active_model_serializers] Rendered ActiveModel::Serializer::CollectionSerializer with ActiveModelSerializers::Adapter::Attributes (37.87ms)
Completed 200 OK in 62ms (Views: 52.1ms | ActiveRecord: 3.5ms | Allocations: 21292)


Started GET "/users/1" for ::1 at 2020-03-23 14:14:07 +0000
Processing by UsersController#show as HTML
  Parameters: {"id"=>"1"}
  [1m[36mUser Load (0.5ms)[0m  [1m[34mSELECT "users".* FROM "users" WHERE "users"."username" = ? LIMIT ?[0m  [["username", "1"], ["LIMIT", 1]]
  ↳ app/controllers/users_controller.rb:3:in `show'
Completed 500 Internal Server Error in 2ms (ActiveRecord: 0.5ms | Allocations: 796)


  
ActiveRecord::StatementInvalid (SQLite3::SQLException: no such column: users.username):
  
app/controllers/users_controller.rb:3:in `show'
Started GET "/users/1" for ::1 at 2020-03-23 14:14:37 +0000
  [1m[35m (0.1ms)[0m  [1m[34mSELECT sqlite_version(*)[0m
Processing by UsersController#show as HTML
  Parameters: {"id"=>"1"}
  [1m[36mUser Load (0.1ms)[0m  [1m[34mSELECT "users".* FROM "users" WHERE "users"."id" = ? LIMIT ?[0m  [["id", 1], ["LIMIT", 1]]
  ↳ app/controllers/users_controller.rb:3:in `show'
[active_model_serializers]   [1m[36mRestaurant Load (0.2ms)[0m  [1m[34mSELECT "restaurants".* FROM "restaurants" INNER JOIN "favourites" ON "restaurants"."id" = "favourites"."restaurant_id" WHERE "favourites"."user_id" = ?[0m  [["user_id", 1]]
[active_model_serializers]   ↳ app/serializers/user_serializer.rb:16:in `map'
[active_model_serializers] Rendered UserSerializer with ActiveModelSerializers::Adapter::Attributes (12.88ms)
Completed 200 OK in 23ms (Views: 12.8ms | ActiveRecord: 1.7ms | Allocations: 16139)


  [1m[35m (1.3ms)[0m  [1m[34mSELECT sqlite_version(*)[0m
  [1m[35m (0.2ms)[0m  [1m[34mSELECT "schema_migrations"."version" FROM "schema_migrations" ORDER BY "schema_migrations"."version" ASC[0m
  [1m[35m (0.8ms)[0m  [1m[34mSELECT "ar_internal_metadata"."value" FROM "ar_internal_metadata" WHERE "ar_internal_metadata"."key" = ?[0m  [["key", "environment"]]
  [1m[35m (0.1ms)[0m  [1m[34mSELECT "schema_migrations"."version" FROM "schema_migrations" ORDER BY "schema_migrations"."version" ASC[0m
  [1m[35m (0.1ms)[0m  [1m[34mSELECT "ar_internal_metadata"."value" FROM "ar_internal_metadata" WHERE "ar_internal_metadata"."key" = ?[0m  [["key", "environment"]]
  [1m[35m (0.1ms)[0m  [1m[34mSELECT "schema_migrations"."version" FROM "schema_migrations" ORDER BY "schema_migrations"."version" ASC[0m
  [1m[35m (0.1ms)[0m  [1m[34mSELECT "ar_internal_metadata"."value" FROM "ar_internal_metadata" WHERE "ar_internal_metadata"."key" = ?[0m  [["key", "environment"]]
  [1m[35m (0.4ms)[0m  [1m[34mSELECT sqlite_version(*)[0m
  [1m[35m (0.4ms)[0m  [1m[34mSELECT sqlite_version(*)[0m
  [1m[35m (1.4ms)[0m  [1m[35mCREATE TABLE "schema_migrations" ("version" varchar NOT NULL PRIMARY KEY)[0m
  [1m[35m (1.3ms)[0m  [1m[35mCREATE TABLE "ar_internal_metadata" ("key" varchar NOT NULL PRIMARY KEY, "value" varchar, "created_at" datetime(6) NOT NULL, "updated_at" datetime(6) NOT NULL)[0m
  [1m[35m (0.1ms)[0m  [1m[34mSELECT "schema_migrations"."version" FROM "schema_migrations" ORDER BY "schema_migrations"."version" ASC[0m
Migrating to CreateUsers (20200323101156)
  [1m[35m (0.1ms)[0m  [1m[36mbegin transaction[0m
  [1m[35m (0.5ms)[0m  [1m[35mCREATE TABLE "users" ("id" integer PRIMARY KEY AUTOINCREMENT NOT NULL, "first_name" varchar, "last_name" varchar, "email" varchar, "password_digest" varchar, "created_at" datetime(6) NOT NULL, "updated_at" datetime(6) NOT NULL)[0m
  [1m[36mprimary::SchemaMigration Create (0.1ms)[0m  [1m[32mINSERT INTO "schema_migrations" ("version") VALUES (?)[0m  [["version", "20200323101156"]]
  [1m[35m (1.0ms)[0m  [1m[36mcommit transaction[0m
Migrating to CreateRestaurants (20200323103427)
  [1m[35m (0.0ms)[0m  [1m[36mbegin transaction[0m
  [1m[35m (0.4ms)[0m  [1m[35mCREATE TABLE "restaurants" ("id" integer PRIMARY KEY AUTOINCREMENT NOT NULL, "name" varchar, "cuisine" varchar, "picture" varchar, "zomato_id" integer, "longitude" float, "latitude" float, "created_at" datetime(6) NOT NULL, "updated_at" datetime(6) NOT NULL)[0m
  [1m[36mprimary::SchemaMigration Create (0.1ms)[0m  [1m[32mINSERT INTO "schema_migrations" ("version") VALUES (?)[0m  [["version", "20200323103427"]]
  [1m[35m (1.0ms)[0m  [1m[36mcommit transaction[0m
Migrating to CreateFavourites (20200323103941)
  [1m[35m (0.0ms)[0m  [1m[36mbegin transaction[0m
  [1m[35m (0.4ms)[0m  [1m[35mCREATE TABLE "favourites" ("id" integer PRIMARY KEY AUTOINCREMENT NOT NULL, "user_id" integer NOT NULL, "restaurant_id" integer NOT NULL, "created_at" datetime(6) NOT NULL, "updated_at" datetime(6) NOT NULL, CONSTRAINT "fk_rails_3073f88368"
FOREIGN KEY ("user_id")
  REFERENCES "users" ("id")
, CONSTRAINT "fk_rails_7a665e53cd"
FOREIGN KEY ("restaurant_id")
  REFERENCES "restaurants" ("id")
)[0m
  [1m[35m (0.1ms)[0m  [1m[35mCREATE  INDEX "index_favourites_on_user_id" ON "favourites" ("user_id")[0m
  [1m[35m (0.1ms)[0m  [1m[35mCREATE  INDEX "index_favourites_on_restaurant_id" ON "favourites" ("restaurant_id")[0m
  [1m[36mprimary::SchemaMigration Create (0.1ms)[0m  [1m[32mINSERT INTO "schema_migrations" ("version") VALUES (?)[0m  [["version", "20200323103941"]]
  [1m[35m (0.9ms)[0m  [1m[36mcommit transaction[0m
Migrating to AddUsernameToUsers (20200323142157)
  [1m[35m (0.0ms)[0m  [1m[36mbegin transaction[0m
  [1m[35m (0.5ms)[0m  [1m[35mALTER TABLE "users" ADD "username" varchar[0m
  [1m[36mprimary::SchemaMigration Create (0.2ms)[0m  [1m[32mINSERT INTO "schema_migrations" ("version") VALUES (?)[0m  [["version", "20200323142157"]]
  [1m[35m (0.8ms)[0m  [1m[36mcommit transaction[0m
  [1m[36mActiveRecord::InternalMetadata Load (0.1ms)[0m  [1m[34mSELECT "ar_internal_metadata".* FROM "ar_internal_metadata" WHERE "ar_internal_metadata"."key" = ? LIMIT ?[0m  [["key", "environment"], ["LIMIT", 1]]
  [1m[35m (0.0ms)[0m  [1m[36mbegin transaction[0m
  [1m[36mActiveRecord::InternalMetadata Create (0.3ms)[0m  [1m[32mINSERT INTO "ar_internal_metadata" ("key", "value", "created_at", "updated_at") VALUES (?, ?, ?, ?)[0m  [["key", "environment"], ["value", "development"], ["created_at", "2020-03-23 14:22:47.501329"], ["updated_at", "2020-03-23 14:22:47.501329"]]
  [1m[35m (0.8ms)[0m  [1m[36mcommit transaction[0m
  [1m[35m (0.1ms)[0m  [1m[34mSELECT sqlite_version(*)[0m
  [1m[35m (0.1ms)[0m  [1m[34mSELECT "schema_migrations"."version" FROM "schema_migrations" ORDER BY "schema_migrations"."version" ASC[0m
  [1m[35m (1.4ms)[0m  [1m[34mSELECT sqlite_version(*)[0m
  [1m[35m (0.1ms)[0m  [1m[34mSELECT "schema_migrations"."version" FROM "schema_migrations" ORDER BY "schema_migrations"."version" ASC[0m
  [1m[35m (0.4ms)[0m  [1m[34mSELECT sqlite_version(*)[0m
  [1m[35m (0.1ms)[0m  [1m[34mSELECT "schema_migrations"."version" FROM "schema_migrations" ORDER BY "schema_migrations"."version" ASC[0m
  [1m[35m (0.1ms)[0m  [1m[34mSELECT sqlite_version(*)[0m
  [1m[35m (0.1ms)[0m  [1m[36mbegin transaction[0m
  [1m[36mUser Create (0.5ms)[0m  [1m[32mINSERT INTO "users" ("first_name", "last_name", "email", "password_digest", "created_at", "updated_at", "username") VALUES (?, ?, ?, ?, ?, ?, ?)[0m  [["first_name", "Sam"], ["last_name", "Kyp"], ["email", "sam@h.com"], ["password_digest", "$2a$12$B9i0v.BQh4jkUIx1zufab.Yg4.Et4Cc8kkpm73mxqe4s3qSe2Y942"], ["created_at", "2020-03-23 14:23:56.789909"], ["updated_at", "2020-03-23 14:23:56.789909"], ["username", "samkipper"]]
  [1m[35m (1.7ms)[0m  [1m[36mcommit transaction[0m
  [1m[35m (0.1ms)[0m  [1m[36mbegin transaction[0m
  [1m[36mRestaurant Create (0.4ms)[0m  [1m[32mINSERT INTO "restaurants" ("name", "cuisine", "picture", "zomato_id", "longitude", "latitude", "created_at", "updated_at") VALUES (?, ?, ?, ?, ?, ?, ?, ?)[0m  [["name", "Arpan Family Dining Bar"], ["cuisine", "Indian"], ["picture", "https://b.zmtcdn.com/data/pictures/chains/2/32432/b4c3870cddd397c0e8519b35af52de76.jpg?fit=around%7C200%3A200&crop=200%3A200%3B%2A%2C%2A"], ["zomato_id", 32432], ["longitude", 72.9269316047], ["latitude", 19.1111460672], ["created_at", "2020-03-23 14:23:56.804854"], ["updated_at", "2020-03-23 14:23:56.804854"]]
  [1m[35m (0.8ms)[0m  [1m[36mcommit transaction[0m
  [1m[35m (0.1ms)[0m  [1m[36mbegin transaction[0m
  [1m[36mFavourite Create (0.4ms)[0m  [1m[32mINSERT INTO "favourites" ("user_id", "restaurant_id", "created_at", "updated_at") VALUES (?, ?, ?, ?)[0m  [["user_id", 1], ["restaurant_id", 1], ["created_at", "2020-03-23 14:23:56.818588"], ["updated_at", "2020-03-23 14:23:56.818588"]]
  [1m[35m (0.9ms)[0m  [1m[36mcommit transaction[0m
Started POST "/sign-in" for ::1 at 2020-03-24 10:22:59 +0000
  [1m[35m (1.4ms)[0m  [1m[34mSELECT sqlite_version(*)[0m
  [1m[35m (0.6ms)[0m  [1m[34mSELECT "schema_migrations"."version" FROM "schema_migrations" ORDER BY "schema_migrations"."version" ASC[0m
Processing by UsersController#sign_in as JSON
  Parameters: {"username"=>"samkipper", "password"=>"[FILTERED]", "user"=>{"username"=>"samkipper"}}
  [1m[36mUser Load (0.5ms)[0m  [1m[34mSELECT "users".* FROM "users" WHERE "users"."username" = ? LIMIT ?[0m  [["username", "samkipper"], ["LIMIT", 1]]
  ↳ app/controllers/users_controller.rb:13:in `sign_in'
[active_model_serializers] Rendered ActiveModel::Serializer::Null with Hash (0.17ms)
Completed 200 OK in 271ms (Views: 3.8ms | ActiveRecord: 1.3ms | Allocations: 6615)


Started GET "/validate" for ::1 at 2020-03-24 10:24:43 +0000
Processing by UsersController#validate as */*
  [1m[36mUser Load (0.3ms)[0m  [1m[34mSELECT "users".* FROM "users" WHERE "users"."id" = ? LIMIT ?[0m  [["id", 1], ["LIMIT", 1]]
  ↳ app/controllers/application_controller.rb:29:in `get_user'
  [1m[36mCACHE User Load (0.0ms)[0m  [1m[34mSELECT "users".* FROM "users" WHERE "users"."id" = ? LIMIT ?[0m  [["id", 1], ["LIMIT", 1]]
  ↳ app/controllers/application_controller.rb:29:in `get_user'
  [1m[36mCACHE User Load (0.0ms)[0m  [1m[34mSELECT "users".* FROM "users" WHERE "users"."id" = ? LIMIT ?[0m  [["id", 1], ["LIMIT", 1]]
  ↳ app/controllers/application_controller.rb:29:in `get_user'
[active_model_serializers] Rendered ActiveModel::Serializer::Null with Hash (0.08ms)
Completed 200 OK in 5ms (Views: 0.4ms | ActiveRecord: 0.3ms | Allocations: 2048)


Started POST "/sign-in" for ::1 at 2020-03-24 10:26:27 +0000
Processing by UsersController#sign_in as JSON
  Parameters: {"username"=>"cdc", "password"=>"[FILTERED]", "user"=>{"username"=>"cdc"}}
  [1m[36mUser Load (0.1ms)[0m  [1m[34mSELECT "users".* FROM "users" WHERE "users"."username" = ? LIMIT ?[0m  [["username", "cdc"], ["LIMIT", 1]]
  ↳ app/controllers/users_controller.rb:13:in `sign_in'
[active_model_serializers] Rendered ActiveModel::Serializer::Null with Hash (0.07ms)
Completed 200 OK in 2ms (Views: 0.4ms | ActiveRecord: 0.1ms | Allocations: 679)


Started POST "/sign-in" for ::1 at 2020-03-24 10:26:47 +0000
Processing by UsersController#sign_in as JSON
  Parameters: {"username"=>"samkipper", "password"=>"[FILTERED]", "user"=>{"username"=>"samkipper"}}
  [1m[36mUser Load (0.1ms)[0m  [1m[34mSELECT "users".* FROM "users" WHERE "users"."username" = ? LIMIT ?[0m  [["username", "samkipper"], ["LIMIT", 1]]
  ↳ app/controllers/users_controller.rb:13:in `sign_in'
[active_model_serializers] Rendered ActiveModel::Serializer::Null with Hash (0.08ms)
Completed 200 OK in 274ms (Views: 0.5ms | ActiveRecord: 0.1ms | Allocations: 815)


Started POST "/sign-in" for ::1 at 2020-03-25 13:17:10 +0000
  [1m[35m (1.2ms)[0m  [1m[34mSELECT sqlite_version(*)[0m
  [1m[35m (1.0ms)[0m  [1m[34mSELECT "schema_migrations"."version" FROM "schema_migrations" ORDER BY "schema_migrations"."version" ASC[0m
Processing by UsersController#sign_in as JSON
  Parameters: {"username"=>"samkipper", "password"=>"[FILTERED]", "user"=>{"username"=>"samkipper"}}
  [1m[36mUser Load (0.5ms)[0m  [1m[34mSELECT "users".* FROM "users" WHERE "users"."username" = ? LIMIT ?[0m  [["username", "samkipper"], ["LIMIT", 1]]
  ↳ app/controllers/users_controller.rb:13:in `sign_in'
[active_model_serializers] Rendered ActiveModel::Serializer::Null with Hash (0.2ms)
Completed 200 OK in 270ms (Views: 3.5ms | ActiveRecord: 1.2ms | Allocations: 6519)


Started POST "/sign-in" for ::1 at 2020-03-25 13:21:03 +0000
Processing by UsersController#sign_in as JSON
  Parameters: {"username"=>"samkipper", "password"=>"[FILTERED]", "user"=>{"username"=>"samkipper"}}
  [1m[36mUser Load (0.3ms)[0m  [1m[34mSELECT "users".* FROM "users" WHERE "users"."username" = ? LIMIT ?[0m  [["username", "samkipper"], ["LIMIT", 1]]
  ↳ app/controllers/users_controller.rb:13:in `sign_in'
[active_model_serializers] Rendered ActiveModel::Serializer::Null with Hash (0.09ms)
Completed 200 OK in 276ms (Views: 0.7ms | ActiveRecord: 0.3ms | Allocations: 815)


Started GET "/users" for ::1 at 2020-03-25 14:01:52 +0000
  [1m[35m (0.5ms)[0m  [1m[34mSELECT sqlite_version(*)[0m
Processing by UsersController#index as HTML
  [1m[36mUser Load (0.7ms)[0m  [1m[34mSELECT "users".* FROM "users"[0m
  ↳ app/controllers/users_controller.rb:9:in `index'
[active_model_serializers]   [1m[36mRestaurant Load (1.0ms)[0m  [1m[34mSELECT "restaurants".* FROM "restaurants" INNER JOIN "favourites" ON "restaurants"."id" = "favourites"."restaurant_id" WHERE "favourites"."user_id" = ?[0m  [["user_id", 1]]
[active_model_serializers]   ↳ app/serializers/user_serializer.rb:16:in `map'
[active_model_serializers] Rendered ActiveModel::Serializer::CollectionSerializer with ActiveModelSerializers::Adapter::Attributes (44.3ms)
Completed 200 OK in 92ms (Views: 86.0ms | ActiveRecord: 2.8ms | Allocations: 16047)


Started GET "/favourites" for ::1 at 2020-03-25 14:05:19 +0000
  [1m[35m (0.1ms)[0m  [1m[34mSELECT sqlite_version(*)[0m
  
AbstractController::ActionNotFound (The action 'index' could not be found for FavouritesController):
  
actionpack (6.0.2.2) lib/abstract_controller/base.rb:131:in `process'
actionpack (6.0.2.2) lib/action_controller/metal.rb:191:in `dispatch'
actionpack (6.0.2.2) lib/action_controller/metal.rb:252:in `dispatch'
actionpack (6.0.2.2) lib/action_dispatch/routing/route_set.rb:51:in `dispatch'
actionpack (6.0.2.2) lib/action_dispatch/routing/route_set.rb:33:in `serve'
actionpack (6.0.2.2) lib/action_dispatch/journey/router.rb:49:in `block in serve'
actionpack (6.0.2.2) lib/action_dispatch/journey/router.rb:32:in `each'
actionpack (6.0.2.2) lib/action_dispatch/journey/router.rb:32:in `serve'
actionpack (6.0.2.2) lib/action_dispatch/routing/route_set.rb:837:in `call'
rack (2.2.2) lib/rack/etag.rb:27:in `call'
rack (2.2.2) lib/rack/conditional_get.rb:27:in `call'
rack (2.2.2) lib/rack/head.rb:12:in `call'
activerecord (6.0.2.2) lib/active_record/migration.rb:567:in `call'
actionpack (6.0.2.2) lib/action_dispatch/middleware/callbacks.rb:27:in `block in call'
activesupport (6.0.2.2) lib/active_support/callbacks.rb:101:in `run_callbacks'
actionpack (6.0.2.2) lib/action_dispatch/middleware/callbacks.rb:26:in `call'
actionpack (6.0.2.2) lib/action_dispatch/middleware/executor.rb:14:in `call'
actionpack (6.0.2.2) lib/action_dispatch/middleware/actionable_exceptions.rb:17:in `call'
actionpack (6.0.2.2) lib/action_dispatch/middleware/debug_exceptions.rb:32:in `call'
actionpack (6.0.2.2) lib/action_dispatch/middleware/show_exceptions.rb:33:in `call'
railties (6.0.2.2) lib/rails/rack/logger.rb:38:in `call_app'
railties (6.0.2.2) lib/rails/rack/logger.rb:26:in `block in call'
activesupport (6.0.2.2) lib/active_support/tagged_logging.rb:80:in `block in tagged'
activesupport (6.0.2.2) lib/active_support/tagged_logging.rb:28:in `tagged'
activesupport (6.0.2.2) lib/active_support/tagged_logging.rb:80:in `tagged'
railties (6.0.2.2) lib/rails/rack/logger.rb:26:in `call'
actionpack (6.0.2.2) lib/action_dispatch/middleware/remote_ip.rb:81:in `call'
actionpack (6.0.2.2) lib/action_dispatch/middleware/request_id.rb:27:in `call'
rack (2.2.2) lib/rack/runtime.rb:22:in `call'
activesupport (6.0.2.2) lib/active_support/cache/strategy/local_cache_middleware.rb:29:in `call'
actionpack (6.0.2.2) lib/action_dispatch/middleware/executor.rb:14:in `call'
actionpack (6.0.2.2) lib/action_dispatch/middleware/static.rb:126:in `call'
rack (2.2.2) lib/rack/sendfile.rb:110:in `call'
actionpack (6.0.2.2) lib/action_dispatch/middleware/host_authorization.rb:83:in `call'
rack-cors (1.1.1) lib/rack/cors.rb:100:in `call'
railties (6.0.2.2) lib/rails/engine.rb:526:in `call'
puma (4.3.3) lib/puma/configuration.rb:228:in `call'
puma (4.3.3) lib/puma/server.rb:682:in `handle_request'
puma (4.3.3) lib/puma/server.rb:472:in `process_client'
puma (4.3.3) lib/puma/server.rb:328:in `block in run'
puma (4.3.3) lib/puma/thread_pool.rb:134:in `block in spawn_thread'
Started POST "/sign-in" for ::1 at 2020-03-25 14:08:08 +0000
Processing by UsersController#sign_in as JSON
  Parameters: {"username"=>"samkipper", "password"=>"[FILTERED]", "user"=>{"username"=>"samkipper"}}
  [1m[36mUser Load (0.9ms)[0m  [1m[34mSELECT "users".* FROM "users" WHERE "users"."username" = ? LIMIT ?[0m  [["username", "samkipper"], ["LIMIT", 1]]
  ↳ app/controllers/users_controller.rb:13:in `sign_in'
[active_model_serializers]   [1m[36mRestaurant Load (1.7ms)[0m  [1m[34mSELECT "restaurants".* FROM "restaurants" INNER JOIN "favourites" ON "restaurants"."id" = "favourites"."restaurant_id" WHERE "favourites"."user_id" = ?[0m  [["user_id", 1]]
[active_model_serializers]   ↳ app/controllers/users_controller.rb:15:in `sign_in'
[active_model_serializers] Rendered ActiveModel::Serializer::Null with Hash (13.55ms)
Completed 200 OK in 303ms (Views: 12.9ms | ActiveRecord: 5.5ms | Allocations: 15081)


Started POST "/sign-in" for ::1 at 2020-03-25 14:13:07 +0000
Processing by UsersController#sign_in as JSON
  Parameters: {"username"=>"samkipper", "password"=>"[FILTERED]", "user"=>{"username"=>"samkipper"}}
  [1m[36mUser Load (0.2ms)[0m  [1m[34mSELECT "users".* FROM "users" WHERE "users"."username" = ? LIMIT ?[0m  [["username", "samkipper"], ["LIMIT", 1]]
  ↳ app/controllers/users_controller.rb:13:in `sign_in'
[active_model_serializers]   [1m[36mRestaurant Load (0.2ms)[0m  [1m[34mSELECT "restaurants".* FROM "restaurants" INNER JOIN "favourites" ON "restaurants"."id" = "favourites"."restaurant_id" WHERE "favourites"."user_id" = ?[0m  [["user_id", 1]]
[active_model_serializers]   ↳ app/controllers/users_controller.rb:15:in `sign_in'
[active_model_serializers] Rendered ActiveModel::Serializer::Null with Hash (2.37ms)
Completed 200 OK in 275ms (Views: 2.6ms | ActiveRecord: 0.4ms | Allocations: 2189)


Started POST "/sign-in" for ::1 at 2020-03-25 14:13:53 +0000
Processing by UsersController#sign_in as JSON
  Parameters: {"username"=>"samkipper", "password"=>"[FILTERED]", "user"=>{"username"=>"samkipper"}}
  [1m[36mUser Load (0.2ms)[0m  [1m[34mSELECT "users".* FROM "users" WHERE "users"."username" = ? LIMIT ?[0m  [["username", "samkipper"], ["LIMIT", 1]]
  ↳ app/controllers/users_controller.rb:13:in `sign_in'
[active_model_serializers]   [1m[36mRestaurant Load (0.2ms)[0m  [1m[34mSELECT "restaurants".* FROM "restaurants" INNER JOIN "favourites" ON "restaurants"."id" = "favourites"."restaurant_id" WHERE "favourites"."user_id" = ?[0m  [["user_id", 1]]
[active_model_serializers]   ↳ app/controllers/users_controller.rb:15:in `sign_in'
[active_model_serializers] Rendered ActiveModel::Serializer::Null with Hash (2.18ms)
Completed 200 OK in 266ms (Views: 2.5ms | ActiveRecord: 0.3ms | Allocations: 2189)


Started POST "/sign-in" for ::1 at 2020-03-25 14:14:59 +0000
Processing by UsersController#sign_in as JSON
  Parameters: {"username"=>"samkipper", "password"=>"[FILTERED]", "user"=>{"username"=>"samkipper"}}
  [1m[36mUser Load (0.1ms)[0m  [1m[34mSELECT "users".* FROM "users" WHERE "users"."username" = ? LIMIT ?[0m  [["username", "samkipper"], ["LIMIT", 1]]
  ↳ app/controllers/users_controller.rb:13:in `sign_in'
[active_model_serializers]   [1m[36mRestaurant Load (0.1ms)[0m  [1m[34mSELECT "restaurants".* FROM "restaurants" INNER JOIN "favourites" ON "restaurants"."id" = "favourites"."restaurant_id" WHERE "favourites"."user_id" = ?[0m  [["user_id", 1]]
[active_model_serializers]   ↳ app/controllers/users_controller.rb:15:in `sign_in'
[active_model_serializers] Rendered ActiveModel::Serializer::Null with Hash (2.91ms)
Completed 200 OK in 280ms (Views: 3.2ms | ActiveRecord: 0.3ms | Allocations: 2190)


Started POST "/sign-in" for ::1 at 2020-03-25 14:25:45 +0000
  [1m[35m (0.2ms)[0m  [1m[34mSELECT sqlite_version(*)[0m
Processing by UsersController#sign_in as JSON
  Parameters: {"username"=>"samkipper", "password"=>"[FILTERED]", "user"=>{"username"=>"samkipper"}}
  [1m[36mUser Load (0.5ms)[0m  [1m[34mSELECT "users".* FROM "users" WHERE "users"."username" = ? LIMIT ?[0m  [["username", "samkipper"], ["LIMIT", 1]]
  ↳ app/controllers/users_controller.rb:13:in `sign_in'
[active_model_serializers]   [1m[36mRestaurant Load (1.9ms)[0m  [1m[34mSELECT "restaurants".* FROM "restaurants" INNER JOIN "favourites" ON "restaurants"."id" = "favourites"."restaurant_id" WHERE "favourites"."user_id" = ?[0m  [["user_id", 1]]
[active_model_serializers]   ↳ app/controllers/users_controller.rb:15:in `sign_in'
[active_model_serializers] Rendered ActiveModel::Serializer::Null with Hash (10.95ms)
Completed 200 OK in 299ms (Views: 11.7ms | ActiveRecord: 2.4ms | Allocations: 2244)


Started POST "/sign-in" for ::1 at 2020-03-25 14:26:31 +0000
Processing by UsersController#sign_in as JSON
  Parameters: {"username"=>"samkipper", "password"=>"[FILTERED]", "user"=>{"username"=>"samkipper"}}
  [1m[36mUser Load (0.2ms)[0m  [1m[34mSELECT "users".* FROM "users" WHERE "users"."username" = ? LIMIT ?[0m  [["username", "samkipper"], ["LIMIT", 1]]
  ↳ app/controllers/users_controller.rb:13:in `sign_in'
[active_model_serializers]   [1m[36mRestaurant Load (0.2ms)[0m  [1m[34mSELECT "restaurants".* FROM "restaurants" INNER JOIN "favourites" ON "restaurants"."id" = "favourites"."restaurant_id" WHERE "favourites"."user_id" = ?[0m  [["user_id", 1]]
[active_model_serializers]   ↳ app/controllers/users_controller.rb:15:in `sign_in'
[active_model_serializers] Rendered ActiveModel::Serializer::Null with Hash (2.3ms)
Completed 200 OK in 275ms (Views: 2.5ms | ActiveRecord: 0.4ms | Allocations: 2190)


Started POST "/sign-in" for ::1 at 2020-03-25 14:32:28 +0000
  [1m[35m (0.1ms)[0m  [1m[34mSELECT sqlite_version(*)[0m
Processing by UsersController#sign_in as JSON
  Parameters: {"username"=>"samkipper", "password"=>"[FILTERED]", "user"=>{"username"=>"samkipper"}}
  [1m[36mUser Load (0.4ms)[0m  [1m[34mSELECT "users".* FROM "users" WHERE "users"."username" = ? LIMIT ?[0m  [["username", "samkipper"], ["LIMIT", 1]]
  ↳ app/controllers/users_controller.rb:13:in `sign_in'
[active_model_serializers]   [1m[36mRestaurant Load (2.3ms)[0m  [1m[34mSELECT "restaurants".* FROM "restaurants" INNER JOIN "favourites" ON "restaurants"."id" = "favourites"."restaurant_id" WHERE "favourites"."user_id" = ?[0m  [["user_id", 1]]
[active_model_serializers]   ↳ app/controllers/users_controller.rb:15:in `sign_in'
[active_model_serializers] Rendered ActiveModel::Serializer::Null with Hash (4.51ms)
Completed 200 OK in 281ms (Views: 2.6ms | ActiveRecord: 2.7ms | Allocations: 2234)


Started POST "/sign-in" for ::1 at 2020-03-25 14:34:50 +0000
Processing by UsersController#sign_in as JSON
  Parameters: {"username"=>"samkipper", "password"=>"[FILTERED]", "user"=>{"username"=>"samkipper"}}
  [1m[36mUser Load (0.5ms)[0m  [1m[34mSELECT "users".* FROM "users" WHERE "users"."username" = ? LIMIT ?[0m  [["username", "samkipper"], ["LIMIT", 1]]
  ↳ app/controllers/users_controller.rb:13:in `sign_in'
[active_model_serializers]   [1m[36mRestaurant Load (0.2ms)[0m  [1m[34mSELECT "restaurants".* FROM "restaurants" INNER JOIN "favourites" ON "restaurants"."id" = "favourites"."restaurant_id" WHERE "favourites"."user_id" = ?[0m  [["user_id", 1]]
[active_model_serializers]   ↳ app/controllers/users_controller.rb:15:in `sign_in'
[active_model_serializers] Rendered ActiveModel::Serializer::Null with Hash (2.56ms)
Completed 200 OK in 277ms (Views: 2.9ms | ActiveRecord: 0.7ms | Allocations: 2189)


Started POST "/sign-in" for ::1 at 2020-03-25 14:36:16 +0000
Processing by UsersController#sign_in as JSON
  Parameters: {"username"=>"samkipper", "password"=>"[FILTERED]", "user"=>{"username"=>"samkipper"}}
  [1m[36mUser Load (0.1ms)[0m  [1m[34mSELECT "users".* FROM "users" WHERE "users"."username" = ? LIMIT ?[0m  [["username", "samkipper"], ["LIMIT", 1]]
  ↳ app/controllers/users_controller.rb:13:in `sign_in'
[active_model_serializers]   [1m[36mRestaurant Load (0.1ms)[0m  [1m[34mSELECT "restaurants".* FROM "restaurants" INNER JOIN "favourites" ON "restaurants"."id" = "favourites"."restaurant_id" WHERE "favourites"."user_id" = ?[0m  [["user_id", 1]]
[active_model_serializers]   ↳ app/controllers/users_controller.rb:15:in `sign_in'
[active_model_serializers] Rendered ActiveModel::Serializer::Null with Hash (2.05ms)
Completed 200 OK in 275ms (Views: 2.3ms | ActiveRecord: 0.3ms | Allocations: 2190)


Started POST "/sign-in" for ::1 at 2020-03-25 14:39:14 +0000
Processing by UsersController#sign_in as JSON
  Parameters: {"username"=>"samkipper", "password"=>"[FILTERED]", "user"=>{"username"=>"samkipper"}}
  [1m[36mUser Load (0.1ms)[0m  [1m[34mSELECT "users".* FROM "users" WHERE "users"."username" = ? LIMIT ?[0m  [["username", "samkipper"], ["LIMIT", 1]]
  ↳ app/controllers/users_controller.rb:13:in `sign_in'
[active_model_serializers]   [1m[36mRestaurant Load (0.1ms)[0m  [1m[34mSELECT "restaurants".* FROM "restaurants" INNER JOIN "favourites" ON "restaurants"."id" = "favourites"."restaurant_id" WHERE "favourites"."user_id" = ?[0m  [["user_id", 1]]
[active_model_serializers]   ↳ app/controllers/users_controller.rb:15:in `sign_in'
[active_model_serializers] Rendered ActiveModel::Serializer::Null with Hash (2.21ms)
Completed 200 OK in 276ms (Views: 2.5ms | ActiveRecord: 0.3ms | Allocations: 2192)


Started POST "/sign-in" for ::1 at 2020-03-25 14:42:13 +0000
Processing by UsersController#sign_in as JSON
  Parameters: {"username"=>"samkipper", "password"=>"[FILTERED]", "user"=>{"username"=>"samkipper"}}
  [1m[36mUser Load (0.2ms)[0m  [1m[34mSELECT "users".* FROM "users" WHERE "users"."username" = ? LIMIT ?[0m  [["username", "samkipper"], ["LIMIT", 1]]
  ↳ app/controllers/users_controller.rb:13:in `sign_in'
[active_model_serializers]   [1m[36mRestaurant Load (0.2ms)[0m  [1m[34mSELECT "restaurants".* FROM "restaurants" INNER JOIN "favourites" ON "restaurants"."id" = "favourites"."restaurant_id" WHERE "favourites"."user_id" = ?[0m  [["user_id", 1]]
[active_model_serializers]   ↳ app/controllers/users_controller.rb:15:in `sign_in'
[active_model_serializers] Rendered ActiveModel::Serializer::Null with Hash (1.9ms)
Completed 200 OK in 277ms (Views: 2.2ms | ActiveRecord: 0.3ms | Allocations: 2190)


Started POST "/sign-in" for ::1 at 2020-03-25 14:46:08 +0000
Processing by UsersController#sign_in as JSON
  Parameters: {"username"=>"samkipper", "password"=>"[FILTERED]", "user"=>{"username"=>"samkipper"}}
  [1m[36mUser Load (0.7ms)[0m  [1m[34mSELECT "users".* FROM "users" WHERE "users"."username" = ? LIMIT ?[0m  [["username", "samkipper"], ["LIMIT", 1]]
  ↳ app/controllers/users_controller.rb:13:in `sign_in'
[active_model_serializers]   [1m[36mRestaurant Load (0.3ms)[0m  [1m[34mSELECT "restaurants".* FROM "restaurants" INNER JOIN "favourites" ON "restaurants"."id" = "favourites"."restaurant_id" WHERE "favourites"."user_id" = ?[0m  [["user_id", 1]]
[active_model_serializers]   ↳ app/controllers/users_controller.rb:15:in `sign_in'
[active_model_serializers] Rendered ActiveModel::Serializer::Null with Hash (6.54ms)
Completed 200 OK in 294ms (Views: 8.2ms | ActiveRecord: 1.0ms | Allocations: 2189)


Started GET "/validate" for ::1 at 2020-03-25 15:00:09 +0000
  [1m[35m (0.1ms)[0m  [1m[34mSELECT sqlite_version(*)[0m
Processing by UsersController#validate as */*
  [1m[36mUser Load (0.4ms)[0m  [1m[34mSELECT "users".* FROM "users" WHERE "users"."id" = ? LIMIT ?[0m  [["id", 1], ["LIMIT", 1]]
  ↳ app/controllers/application_controller.rb:29:in `get_user'
  [1m[36mCACHE User Load (0.0ms)[0m  [1m[34mSELECT "users".* FROM "users" WHERE "users"."id" = ? LIMIT ?[0m  [["id", 1], ["LIMIT", 1]]
  ↳ app/controllers/application_controller.rb:29:in `get_user'
  [1m[36mCACHE User Load (0.0ms)[0m  [1m[34mSELECT "users".* FROM "users" WHERE "users"."id" = ? LIMIT ?[0m  [["id", 1], ["LIMIT", 1]]
  ↳ app/controllers/application_controller.rb:29:in `get_user'
[active_model_serializers] Rendered ActiveModel::Serializer::Null with Hash (0.13ms)
Completed 200 OK in 8ms (Views: 0.8ms | ActiveRecord: 0.5ms | Allocations: 2023)


Started GET "/validate" for ::1 at 2020-03-25 15:02:30 +0000
Processing by UsersController#validate as */*
  [1m[36mUser Load (3.0ms)[0m  [1m[34mSELECT "users".* FROM "users" WHERE "users"."id" = ? LIMIT ?[0m  [["id", 1], ["LIMIT", 1]]
  ↳ app/controllers/application_controller.rb:29:in `get_user'
  [1m[36mCACHE User Load (0.0ms)[0m  [1m[34mSELECT "users".* FROM "users" WHERE "users"."id" = ? LIMIT ?[0m  [["id", 1], ["LIMIT", 1]]
  ↳ app/controllers/application_controller.rb:29:in `get_user'
  [1m[36mCACHE User Load (0.0ms)[0m  [1m[34mSELECT "users".* FROM "users" WHERE "users"."id" = ? LIMIT ?[0m  [["id", 1], ["LIMIT", 1]]
  ↳ app/controllers/application_controller.rb:29:in `get_user'
[active_model_serializers] Rendered ActiveModel::Serializer::Null with Hash (0.43ms)
Completed 200 OK in 22ms (Views: 2.6ms | ActiveRecord: 3.0ms | Allocations: 1895)


Started GET "/validate" for ::1 at 2020-03-25 15:05:39 +0000
Processing by UsersController#validate as */*
  [1m[36mUser Load (0.3ms)[0m  [1m[34mSELECT "users".* FROM "users" WHERE "users"."id" = ? LIMIT ?[0m  [["id", 1], ["LIMIT", 1]]
  ↳ app/controllers/application_controller.rb:29:in `get_user'
  [1m[36mCACHE User Load (0.0ms)[0m  [1m[34mSELECT "users".* FROM "users" WHERE "users"."id" = ? LIMIT ?[0m  [["id", 1], ["LIMIT", 1]]
  ↳ app/controllers/application_controller.rb:29:in `get_user'
  [1m[36mCACHE User Load (0.0ms)[0m  [1m[34mSELECT "users".* FROM "users" WHERE "users"."id" = ? LIMIT ?[0m  [["id", 1], ["LIMIT", 1]]
  ↳ app/controllers/application_controller.rb:29:in `get_user'
[active_model_serializers] Rendered ActiveModel::Serializer::Null with Hash (0.17ms)
Completed 200 OK in 6ms (Views: 0.9ms | ActiveRecord: 0.4ms | Allocations: 1895)


Started GET "/validate" for ::1 at 2020-03-25 15:06:27 +0000
  [1m[35m (1.1ms)[0m  [1m[34mSELECT sqlite_version(*)[0m
  [1m[35m (0.5ms)[0m  [1m[34mSELECT "schema_migrations"."version" FROM "schema_migrations" ORDER BY "schema_migrations"."version" ASC[0m
  
SyntaxError (/Users/sam/Documents/GitHub/MOD4/foodfind-backend/app/controllers/users_controller.rb:23: syntax error, unexpected '}', expecting =>
...user.id), get_user.restaurants}
...                              ^):
  
app/controllers/users_controller.rb:23: syntax error, unexpected '}', expecting =>
app/controllers/users_controller.rb:23: syntax error, unexpected '}', expecting =>
Started POST "/sign-in" for ::1 at 2020-03-25 15:06:34 +0000
  
SyntaxError (/Users/sam/Documents/GitHub/MOD4/foodfind-backend/app/controllers/users_controller.rb:23: syntax error, unexpected '}', expecting =>
...user.id), get_user.restaurants}
...                              ^):
  
app/controllers/users_controller.rb:23: syntax error, unexpected '}', expecting =>
app/controllers/users_controller.rb:23: syntax error, unexpected '}', expecting =>
Started GET "/validate" for ::1 at 2020-03-25 15:07:20 +0000
  [1m[35m (1.0ms)[0m  [1m[34mSELECT sqlite_version(*)[0m
  [1m[35m (0.9ms)[0m  [1m[34mSELECT "schema_migrations"."version" FROM "schema_migrations" ORDER BY "schema_migrations"."version" ASC[0m
Processing by UsersController#validate as */*
  [1m[36mUser Load (0.5ms)[0m  [1m[34mSELECT "users".* FROM "users" WHERE "users"."id" IS NULL LIMIT ?[0m  [["LIMIT", 1]]
  ↳ app/controllers/application_controller.rb:29:in `get_user'
[active_model_serializers] Rendered ActiveModel::Serializer::Null with Hash (0.15ms)
Completed 200 OK in 13ms (Views: 2.1ms | ActiveRecord: 0.9ms | Allocations: 3870)


Started POST "/sign-in" for ::1 at 2020-03-25 15:07:27 +0000
Processing by UsersController#sign_in as JSON
  Parameters: {"username"=>"samkipper", "password"=>"[FILTERED]", "user"=>{"username"=>"samkipper"}}
  [1m[36mUser Load (0.2ms)[0m  [1m[34mSELECT "users".* FROM "users" WHERE "users"."username" = ? LIMIT ?[0m  [["username", "samkipper"], ["LIMIT", 1]]
  ↳ app/controllers/users_controller.rb:13:in `sign_in'
[active_model_serializers]   [1m[36mRestaurant Load (1.2ms)[0m  [1m[34mSELECT "restaurants".* FROM "restaurants" INNER JOIN "favourites" ON "restaurants"."id" = "favourites"."restaurant_id" WHERE "favourites"."user_id" = ?[0m  [["user_id", 1]]
[active_model_serializers]   ↳ app/controllers/users_controller.rb:15:in `sign_in'
[active_model_serializers] Rendered ActiveModel::Serializer::Null with Hash (16.01ms)
Completed 200 OK in 310ms (Views: 14.3ms | ActiveRecord: 2.8ms | Allocations: 18216)


Started GET "/validate" for ::1 at 2020-03-25 15:07:39 +0000
Processing by UsersController#validate as */*
  [1m[36mUser Load (0.2ms)[0m  [1m[34mSELECT "users".* FROM "users" WHERE "users"."id" = ? LIMIT ?[0m  [["id", 1], ["LIMIT", 1]]
  ↳ app/controllers/application_controller.rb:29:in `get_user'
  [1m[36mCACHE User Load (0.0ms)[0m  [1m[34mSELECT "users".* FROM "users" WHERE "users"."id" = ? LIMIT ?[0m  [["id", 1], ["LIMIT", 1]]
  ↳ app/controllers/application_controller.rb:29:in `get_user'
  [1m[36mCACHE User Load (0.0ms)[0m  [1m[34mSELECT "users".* FROM "users" WHERE "users"."id" = ? LIMIT ?[0m  [["id", 1], ["LIMIT", 1]]
  ↳ app/controllers/application_controller.rb:29:in `get_user'
  [1m[36mCACHE User Load (0.0ms)[0m  [1m[34mSELECT "users".* FROM "users" WHERE "users"."id" = ? LIMIT ?[0m  [["id", 1], ["LIMIT", 1]]
  ↳ app/controllers/application_controller.rb:29:in `get_user'
[active_model_serializers]   [1m[36mRestaurant Load (0.1ms)[0m  [1m[34mSELECT "restaurants".* FROM "restaurants" INNER JOIN "favourites" ON "restaurants"."id" = "favourites"."restaurant_id" WHERE "favourites"."user_id" = ?[0m  [["user_id", 1]]
[active_model_serializers]   ↳ app/controllers/users_controller.rb:23:in `validate'
[active_model_serializers] Rendered ActiveModel::Serializer::Null with Hash (1.97ms)
Completed 200 OK in 7ms (Views: 2.3ms | ActiveRecord: 0.3ms | Allocations: 3957)


Started GET "/validate" for ::1 at 2020-03-25 15:50:55 +0000
  [1m[35m (5.2ms)[0m  [1m[34mSELECT sqlite_version(*)[0m
  [1m[35m (0.5ms)[0m  [1m[34mSELECT "schema_migrations"."version" FROM "schema_migrations" ORDER BY "schema_migrations"."version" ASC[0m
Processing by UsersController#validate as */*
  [1m[36mUser Load (0.4ms)[0m  [1m[34mSELECT "users".* FROM "users" WHERE "users"."id" = ? LIMIT ?[0m  [["id", 1], ["LIMIT", 1]]
  ↳ app/controllers/application_controller.rb:29:in `get_user'
  [1m[36mCACHE User Load (0.0ms)[0m  [1m[34mSELECT "users".* FROM "users" WHERE "users"."id" = ? LIMIT ?[0m  [["id", 1], ["LIMIT", 1]]
  ↳ app/controllers/application_controller.rb:29:in `get_user'
  [1m[36mCACHE User Load (0.0ms)[0m  [1m[34mSELECT "users".* FROM "users" WHERE "users"."id" = ? LIMIT ?[0m  [["id", 1], ["LIMIT", 1]]
  ↳ app/controllers/application_controller.rb:29:in `get_user'
  [1m[36mCACHE User Load (0.0ms)[0m  [1m[34mSELECT "users".* FROM "users" WHERE "users"."id" = ? LIMIT ?[0m  [["id", 1], ["LIMIT", 1]]
  ↳ app/controllers/application_controller.rb:29:in `get_user'
[active_model_serializers]   [1m[36mRestaurant Load (0.9ms)[0m  [1m[34mSELECT "restaurants".* FROM "restaurants" INNER JOIN "favourites" ON "restaurants"."id" = "favourites"."restaurant_id" WHERE "favourites"."user_id" = ?[0m  [["user_id", 1]]
[active_model_serializers]   ↳ app/controllers/users_controller.rb:23:in `validate'
[active_model_serializers] Rendered ActiveModel::Serializer::Null with Hash (16.16ms)
Completed 200 OK in 51ms (Views: 15.7ms | ActiveRecord: 3.0ms | Allocations: 22898)


Started GET "/validate" for ::1 at 2020-03-25 15:54:16 +0000
Processing by UsersController#validate as */*
  [1m[36mUser Load (0.3ms)[0m  [1m[34mSELECT "users".* FROM "users" WHERE "users"."id" = ? LIMIT ?[0m  [["id", 1], ["LIMIT", 1]]
  ↳ app/controllers/application_controller.rb:29:in `get_user'
  [1m[36mCACHE User Load (0.0ms)[0m  [1m[34mSELECT "users".* FROM "users" WHERE "users"."id" = ? LIMIT ?[0m  [["id", 1], ["LIMIT", 1]]
  ↳ app/controllers/application_controller.rb:29:in `get_user'
  [1m[36mCACHE User Load (0.0ms)[0m  [1m[34mSELECT "users".* FROM "users" WHERE "users"."id" = ? LIMIT ?[0m  [["id", 1], ["LIMIT", 1]]
  ↳ app/controllers/application_controller.rb:29:in `get_user'
  [1m[36mCACHE User Load (0.0ms)[0m  [1m[34mSELECT "users".* FROM "users" WHERE "users"."id" = ? LIMIT ?[0m  [["id", 1], ["LIMIT", 1]]
  ↳ app/controllers/application_controller.rb:29:in `get_user'
[active_model_serializers]   [1m[36mRestaurant Load (0.2ms)[0m  [1m[34mSELECT "restaurants".* FROM "restaurants" INNER JOIN "favourites" ON "restaurants"."id" = "favourites"."restaurant_id" WHERE "favourites"."user_id" = ?[0m  [["user_id", 1]]
[active_model_serializers]   ↳ app/controllers/users_controller.rb:23:in `validate'
[active_model_serializers] Rendered ActiveModel::Serializer::Null with Hash (4.27ms)
Completed 200 OK in 10ms (Views: 4.6ms | ActiveRecord: 0.5ms | Allocations: 3830)


Started GET "/validate" for ::1 at 2020-03-25 15:55:54 +0000
Processing by UsersController#validate as */*
  [1m[36mUser Load (0.3ms)[0m  [1m[34mSELECT "users".* FROM "users" WHERE "users"."id" = ? LIMIT ?[0m  [["id", 1], ["LIMIT", 1]]
  ↳ app/controllers/application_controller.rb:29:in `get_user'
  [1m[36mCACHE User Load (0.0ms)[0m  [1m[34mSELECT "users".* FROM "users" WHERE "users"."id" = ? LIMIT ?[0m  [["id", 1], ["LIMIT", 1]]
  ↳ app/controllers/application_controller.rb:29:in `get_user'
  [1m[36mCACHE User Load (0.0ms)[0m  [1m[34mSELECT "users".* FROM "users" WHERE "users"."id" = ? LIMIT ?[0m  [["id", 1], ["LIMIT", 1]]
  ↳ app/controllers/application_controller.rb:29:in `get_user'
  [1m[36mCACHE User Load (0.0ms)[0m  [1m[34mSELECT "users".* FROM "users" WHERE "users"."id" = ? LIMIT ?[0m  [["id", 1], ["LIMIT", 1]]
  ↳ app/controllers/application_controller.rb:29:in `get_user'
[active_model_serializers]   [1m[36mRestaurant Load (0.2ms)[0m  [1m[34mSELECT "restaurants".* FROM "restaurants" INNER JOIN "favourites" ON "restaurants"."id" = "favourites"."restaurant_id" WHERE "favourites"."user_id" = ?[0m  [["user_id", 1]]
[active_model_serializers]   ↳ app/controllers/users_controller.rb:23:in `validate'
[active_model_serializers] Rendered ActiveModel::Serializer::Null with Hash (2.98ms)
Completed 200 OK in 12ms (Views: 3.4ms | ActiveRecord: 0.5ms | Allocations: 3830)


Started GET "/validate" for ::1 at 2020-03-25 15:56:06 +0000
Processing by UsersController#validate as */*
  [1m[36mUser Load (0.1ms)[0m  [1m[34mSELECT "users".* FROM "users" WHERE "users"."id" = ? LIMIT ?[0m  [["id", 1], ["LIMIT", 1]]
  ↳ app/controllers/application_controller.rb:29:in `get_user'
  [1m[36mCACHE User Load (0.0ms)[0m  [1m[34mSELECT "users".* FROM "users" WHERE "users"."id" = ? LIMIT ?[0m  [["id", 1], ["LIMIT", 1]]
  ↳ app/controllers/application_controller.rb:29:in `get_user'
  [1m[36mCACHE User Load (0.0ms)[0m  [1m[34mSELECT "users".* FROM "users" WHERE "users"."id" = ? LIMIT ?[0m  [["id", 1], ["LIMIT", 1]]
  ↳ app/controllers/application_controller.rb:29:in `get_user'
  [1m[36mCACHE User Load (0.0ms)[0m  [1m[34mSELECT "users".* FROM "users" WHERE "users"."id" = ? LIMIT ?[0m  [["id", 1], ["LIMIT", 1]]
  ↳ app/controllers/application_controller.rb:29:in `get_user'
[active_model_serializers]   [1m[36mRestaurant Load (0.1ms)[0m  [1m[34mSELECT "restaurants".* FROM "restaurants" INNER JOIN "favourites" ON "restaurants"."id" = "favourites"."restaurant_id" WHERE "favourites"."user_id" = ?[0m  [["user_id", 1]]
[active_model_serializers]   ↳ app/controllers/users_controller.rb:23:in `validate'
[active_model_serializers] Rendered ActiveModel::Serializer::Null with Hash (3.68ms)
Completed 200 OK in 7ms (Views: 3.9ms | ActiveRecord: 0.3ms | Allocations: 3830)


Started GET "/validate" for ::1 at 2020-03-25 15:56:40 +0000
Processing by UsersController#validate as */*
  [1m[36mUser Load (0.2ms)[0m  [1m[34mSELECT "users".* FROM "users" WHERE "users"."id" = ? LIMIT ?[0m  [["id", 1], ["LIMIT", 1]]
  ↳ app/controllers/application_controller.rb:29:in `get_user'
  [1m[36mCACHE User Load (0.0ms)[0m  [1m[34mSELECT "users".* FROM "users" WHERE "users"."id" = ? LIMIT ?[0m  [["id", 1], ["LIMIT", 1]]
  ↳ app/controllers/application_controller.rb:29:in `get_user'
  [1m[36mCACHE User Load (0.0ms)[0m  [1m[34mSELECT "users".* FROM "users" WHERE "users"."id" = ? LIMIT ?[0m  [["id", 1], ["LIMIT", 1]]
  ↳ app/controllers/application_controller.rb:29:in `get_user'
  [1m[36mCACHE User Load (0.0ms)[0m  [1m[34mSELECT "users".* FROM "users" WHERE "users"."id" = ? LIMIT ?[0m  [["id", 1], ["LIMIT", 1]]
  ↳ app/controllers/application_controller.rb:29:in `get_user'
[active_model_serializers]   [1m[36mRestaurant Load (0.2ms)[0m  [1m[34mSELECT "restaurants".* FROM "restaurants" INNER JOIN "favourites" ON "restaurants"."id" = "favourites"."restaurant_id" WHERE "favourites"."user_id" = ?[0m  [["user_id", 1]]
[active_model_serializers]   ↳ app/controllers/users_controller.rb:23:in `validate'
[active_model_serializers] Rendered ActiveModel::Serializer::Null with Hash (2.66ms)
Completed 200 OK in 13ms (Views: 3.0ms | ActiveRecord: 0.4ms | Allocations: 3830)


Started GET "/validate" for ::1 at 2020-03-25 15:56:43 +0000
Processing by UsersController#validate as */*
  [1m[36mUser Load (0.1ms)[0m  [1m[34mSELECT "users".* FROM "users" WHERE "users"."id" = ? LIMIT ?[0m  [["id", 1], ["LIMIT", 1]]
  ↳ app/controllers/application_controller.rb:29:in `get_user'
  [1m[36mCACHE User Load (0.0ms)[0m  [1m[34mSELECT "users".* FROM "users" WHERE "users"."id" = ? LIMIT ?[0m  [["id", 1], ["LIMIT", 1]]
  ↳ app/controllers/application_controller.rb:29:in `get_user'
  [1m[36mCACHE User Load (0.0ms)[0m  [1m[34mSELECT "users".* FROM "users" WHERE "users"."id" = ? LIMIT ?[0m  [["id", 1], ["LIMIT", 1]]
  ↳ app/controllers/application_controller.rb:29:in `get_user'
  [1m[36mCACHE User Load (0.0ms)[0m  [1m[34mSELECT "users".* FROM "users" WHERE "users"."id" = ? LIMIT ?[0m  [["id", 1], ["LIMIT", 1]]
  ↳ app/controllers/application_controller.rb:29:in `get_user'
[active_model_serializers]   [1m[36mRestaurant Load (0.1ms)[0m  [1m[34mSELECT "restaurants".* FROM "restaurants" INNER JOIN "favourites" ON "restaurants"."id" = "favourites"."restaurant_id" WHERE "favourites"."user_id" = ?[0m  [["user_id", 1]]
[active_model_serializers]   ↳ app/controllers/users_controller.rb:23:in `validate'
[active_model_serializers] Rendered ActiveModel::Serializer::Null with Hash (13.99ms)
Completed 200 OK in 18ms (Views: 14.6ms | ActiveRecord: 0.3ms | Allocations: 3811)


Started GET "/validate" for ::1 at 2020-03-25 15:56:50 +0000
Processing by UsersController#validate as */*
  [1m[36mUser Load (0.2ms)[0m  [1m[34mSELECT "users".* FROM "users" WHERE "users"."id" = ? LIMIT ?[0m  [["id", 1], ["LIMIT", 1]]
  ↳ app/controllers/application_controller.rb:29:in `get_user'
  [1m[36mCACHE User Load (0.1ms)[0m  [1m[34mSELECT "users".* FROM "users" WHERE "users"."id" = ? LIMIT ?[0m  [["id", 1], ["LIMIT", 1]]
  ↳ app/controllers/application_controller.rb:29:in `get_user'
  [1m[36mCACHE User Load (0.0ms)[0m  [1m[34mSELECT "users".* FROM "users" WHERE "users"."id" = ? LIMIT ?[0m  [["id", 1], ["LIMIT", 1]]
  ↳ app/controllers/application_controller.rb:29:in `get_user'
  [1m[36mCACHE User Load (0.0ms)[0m  [1m[34mSELECT "users".* FROM "users" WHERE "users"."id" = ? LIMIT ?[0m  [["id", 1], ["LIMIT", 1]]
  ↳ app/controllers/application_controller.rb:29:in `get_user'
[active_model_serializers]   [1m[36mRestaurant Load (0.2ms)[0m  [1m[34mSELECT "restaurants".* FROM "restaurants" INNER JOIN "favourites" ON "restaurants"."id" = "favourites"."restaurant_id" WHERE "favourites"."user_id" = ?[0m  [["user_id", 1]]
[active_model_serializers]   ↳ app/controllers/users_controller.rb:23:in `validate'
[active_model_serializers] Rendered ActiveModel::Serializer::Null with Hash (2.67ms)
Completed 200 OK in 90ms (Views: 3.0ms | ActiveRecord: 0.4ms | Allocations: 3814)


Started GET "/validate" for ::1 at 2020-03-25 15:57:55 +0000
Processing by UsersController#validate as */*
  [1m[36mUser Load (0.2ms)[0m  [1m[34mSELECT "users".* FROM "users" WHERE "users"."id" = ? LIMIT ?[0m  [["id", 1], ["LIMIT", 1]]
  ↳ app/controllers/application_controller.rb:29:in `get_user'
  [1m[36mCACHE User Load (0.0ms)[0m  [1m[34mSELECT "users".* FROM "users" WHERE "users"."id" = ? LIMIT ?[0m  [["id", 1], ["LIMIT", 1]]
  ↳ app/controllers/application_controller.rb:29:in `get_user'
  [1m[36mCACHE User Load (0.0ms)[0m  [1m[34mSELECT "users".* FROM "users" WHERE "users"."id" = ? LIMIT ?[0m  [["id", 1], ["LIMIT", 1]]
  ↳ app/controllers/application_controller.rb:29:in `get_user'
  [1m[36mCACHE User Load (0.0ms)[0m  [1m[34mSELECT "users".* FROM "users" WHERE "users"."id" = ? LIMIT ?[0m  [["id", 1], ["LIMIT", 1]]
  ↳ app/controllers/application_controller.rb:29:in `get_user'
[active_model_serializers]   [1m[36mRestaurant Load (0.1ms)[0m  [1m[34mSELECT "restaurants".* FROM "restaurants" INNER JOIN "favourites" ON "restaurants"."id" = "favourites"."restaurant_id" WHERE "favourites"."user_id" = ?[0m  [["user_id", 1]]
[active_model_serializers]   ↳ app/controllers/users_controller.rb:23:in `validate'
[active_model_serializers] Rendered ActiveModel::Serializer::Null with Hash (4.6ms)
Completed 200 OK in 8ms (Views: 4.9ms | ActiveRecord: 0.3ms | Allocations: 3811)


Started GET "/validate" for ::1 at 2020-03-25 15:58:24 +0000
Processing by UsersController#validate as */*
  [1m[36mUser Load (0.1ms)[0m  [1m[34mSELECT "users".* FROM "users" WHERE "users"."id" = ? LIMIT ?[0m  [["id", 1], ["LIMIT", 1]]
  ↳ app/controllers/application_controller.rb:29:in `get_user'
  [1m[36mCACHE User Load (0.0ms)[0m  [1m[34mSELECT "users".* FROM "users" WHERE "users"."id" = ? LIMIT ?[0m  [["id", 1], ["LIMIT", 1]]
  ↳ app/controllers/application_controller.rb:29:in `get_user'
  [1m[36mCACHE User Load (0.0ms)[0m  [1m[34mSELECT "users".* FROM "users" WHERE "users"."id" = ? LIMIT ?[0m  [["id", 1], ["LIMIT", 1]]
  ↳ app/controllers/application_controller.rb:29:in `get_user'
  [1m[36mCACHE User Load (0.0ms)[0m  [1m[34mSELECT "users".* FROM "users" WHERE "users"."id" = ? LIMIT ?[0m  [["id", 1], ["LIMIT", 1]]
  ↳ app/controllers/application_controller.rb:29:in `get_user'
[active_model_serializers]   [1m[36mRestaurant Load (0.2ms)[0m  [1m[34mSELECT "restaurants".* FROM "restaurants" INNER JOIN "favourites" ON "restaurants"."id" = "favourites"."restaurant_id" WHERE "favourites"."user_id" = ?[0m  [["user_id", 1]]
[active_model_serializers]   ↳ app/controllers/users_controller.rb:23:in `validate'
[active_model_serializers] Rendered ActiveModel::Serializer::Null with Hash (3.14ms)
Completed 200 OK in 8ms (Views: 3.4ms | ActiveRecord: 0.4ms | Allocations: 3811)


Started GET "/validate" for ::1 at 2020-03-25 15:58:27 +0000
Processing by UsersController#validate as */*
  [1m[36mUser Load (0.1ms)[0m  [1m[34mSELECT "users".* FROM "users" WHERE "users"."id" = ? LIMIT ?[0m  [["id", 1], ["LIMIT", 1]]
  ↳ app/controllers/application_controller.rb:29:in `get_user'
  [1m[36mCACHE User Load (0.0ms)[0m  [1m[34mSELECT "users".* FROM "users" WHERE "users"."id" = ? LIMIT ?[0m  [["id", 1], ["LIMIT", 1]]
  ↳ app/controllers/application_controller.rb:29:in `get_user'
  [1m[36mCACHE User Load (0.0ms)[0m  [1m[34mSELECT "users".* FROM "users" WHERE "users"."id" = ? LIMIT ?[0m  [["id", 1], ["LIMIT", 1]]
  ↳ app/controllers/application_controller.rb:29:in `get_user'
  [1m[36mCACHE User Load (0.0ms)[0m  [1m[34mSELECT "users".* FROM "users" WHERE "users"."id" = ? LIMIT ?[0m  [["id", 1], ["LIMIT", 1]]
  ↳ app/controllers/application_controller.rb:29:in `get_user'
[active_model_serializers]   [1m[36mRestaurant Load (0.1ms)[0m  [1m[34mSELECT "restaurants".* FROM "restaurants" INNER JOIN "favourites" ON "restaurants"."id" = "favourites"."restaurant_id" WHERE "favourites"."user_id" = ?[0m  [["user_id", 1]]
[active_model_serializers]   ↳ app/controllers/users_controller.rb:23:in `validate'
[active_model_serializers] Rendered ActiveModel::Serializer::Null with Hash (1.76ms)
Completed 200 OK in 6ms (Views: 2.0ms | ActiveRecord: 0.3ms | Allocations: 3811)


Started GET "/validate" for ::1 at 2020-03-25 16:09:27 +0000
  [1m[35m (1.0ms)[0m  [1m[34mSELECT sqlite_version(*)[0m
  [1m[35m (0.5ms)[0m  [1m[34mSELECT "schema_migrations"."version" FROM "schema_migrations" ORDER BY "schema_migrations"."version" ASC[0m
Processing by UsersController#validate as */*
  [1m[36mUser Load (0.4ms)[0m  [1m[34mSELECT "users".* FROM "users" WHERE "users"."id" = ? LIMIT ?[0m  [["id", 1], ["LIMIT", 1]]
  ↳ app/controllers/application_controller.rb:29:in `get_user'
  [1m[36mCACHE User Load (0.0ms)[0m  [1m[34mSELECT "users".* FROM "users" WHERE "users"."id" = ? LIMIT ?[0m  [["id", 1], ["LIMIT", 1]]
  ↳ app/controllers/application_controller.rb:29:in `get_user'
  [1m[36mCACHE User Load (0.0ms)[0m  [1m[34mSELECT "users".* FROM "users" WHERE "users"."id" = ? LIMIT ?[0m  [["id", 1], ["LIMIT", 1]]
  ↳ app/controllers/application_controller.rb:29:in `get_user'
  [1m[36mCACHE User Load (0.0ms)[0m  [1m[34mSELECT "users".* FROM "users" WHERE "users"."id" = ? LIMIT ?[0m  [["id", 1], ["LIMIT", 1]]
  ↳ app/controllers/application_controller.rb:29:in `get_user'
[active_model_serializers]   [1m[36mRestaurant Load (0.9ms)[0m  [1m[34mSELECT "restaurants".* FROM "restaurants" INNER JOIN "favourites" ON "restaurants"."id" = "favourites"."restaurant_id" WHERE "favourites"."user_id" = ?[0m  [["user_id", 1]]
[active_model_serializers]   ↳ app/controllers/users_controller.rb:23:in `validate'
[active_model_serializers] Rendered ActiveModel::Serializer::Null with Hash (20.73ms)
Completed 200 OK in 55ms (Views: 21.3ms | ActiveRecord: 2.9ms | Allocations: 22892)


Started POST "/users" for ::1 at 2020-03-25 16:10:00 +0000
Processing by UsersController#create as JSON
  Parameters: {"username"=>"Johnj", "first_name"=>"John", "last_name"=>"Jim", "email"=>"j@j.com", "password"=>"[FILTERED]", "user"=>{"first_name"=>"John", "last_name"=>"Jim", "email"=>"j@j.com", "username"=>"Johnj"}}
  [1m[35m (0.1ms)[0m  [1m[36mbegin transaction[0m
  ↳ app/controllers/users_controller.rb:32:in `create'
  [1m[36mUser Create (4.1ms)[0m  [1m[32mINSERT INTO "users" ("first_name", "last_name", "email", "password_digest", "created_at", "updated_at", "username") VALUES (?, ?, ?, ?, ?, ?, ?)[0m  [["first_name", "John"], ["last_name", "Jim"], ["email", "j@j.com"], ["password_digest", "$2a$12$ylehoaPVjkIW5pIwsF.19OMykv93wvcChfjFg/daPXbnQOuue1eH."], ["created_at", "2020-03-25 16:10:00.639566"], ["updated_at", "2020-03-25 16:10:00.639566"], ["username", "Johnj"]]
  ↳ app/controllers/users_controller.rb:32:in `create'
  [1m[35m (1.3ms)[0m  [1m[36mcommit transaction[0m
  ↳ app/controllers/users_controller.rb:32:in `create'
[active_model_serializers]   [1m[36mRestaurant Load (0.1ms)[0m  [1m[34mSELECT "restaurants".* FROM "restaurants" INNER JOIN "favourites" ON "restaurants"."id" = "favourites"."restaurant_id" WHERE "favourites"."user_id" = ?[0m  [["user_id", 2]]
[active_model_serializers]   ↳ app/serializers/user_serializer.rb:16:in `map'
[active_model_serializers] Rendered UserSerializer with ActiveModelSerializers::Adapter::Attributes (1.86ms)
Completed 201 Created in 299ms (Views: 16.8ms | ActiveRecord: 5.6ms | Allocations: 6408)


Started GET "/validate" for ::1 at 2020-03-25 16:12:54 +0000
Processing by UsersController#validate as */*
  [1m[36mUser Load (0.3ms)[0m  [1m[34mSELECT "users".* FROM "users" WHERE "users"."id" IS NULL LIMIT ?[0m  [["LIMIT", 1]]
  ↳ app/controllers/application_controller.rb:29:in `get_user'
[active_model_serializers] Rendered ActiveModel::Serializer::Null with Hash (0.12ms)
Completed 200 OK in 2ms (Views: 0.5ms | ActiveRecord: 0.3ms | Allocations: 849)


Started POST "/sign-in" for ::1 at 2020-03-25 16:13:10 +0000
Processing by UsersController#sign_in as JSON
  Parameters: {"username"=>"Johnj", "password"=>"[FILTERED]", "user"=>{"username"=>"Johnj"}}
  [1m[36mUser Load (0.2ms)[0m  [1m[34mSELECT "users".* FROM "users" WHERE "users"."username" = ? LIMIT ?[0m  [["username", "Johnj"], ["LIMIT", 1]]
  ↳ app/controllers/users_controller.rb:13:in `sign_in'
[active_model_serializers]   [1m[36mRestaurant Load (0.1ms)[0m  [1m[34mSELECT "restaurants".* FROM "restaurants" INNER JOIN "favourites" ON "restaurants"."id" = "favourites"."restaurant_id" WHERE "favourites"."user_id" = ?[0m  [["user_id", 2]]
[active_model_serializers]   ↳ app/controllers/users_controller.rb:15:in `sign_in'
[active_model_serializers] Rendered ActiveModel::Serializer::Null with Hash (1.92ms)
Completed 200 OK in 275ms (Views: 2.2ms | ActiveRecord: 0.4ms | Allocations: 2147)


Started GET "/validate" for ::1 at 2020-03-25 16:15:02 +0000
Processing by UsersController#validate as */*
  [1m[36mUser Load (0.1ms)[0m  [1m[34mSELECT "users".* FROM "users" WHERE "users"."id" = ? LIMIT ?[0m  [["id", 2], ["LIMIT", 1]]
  ↳ app/controllers/application_controller.rb:29:in `get_user'
  [1m[36mCACHE User Load (0.0ms)[0m  [1m[34mSELECT "users".* FROM "users" WHERE "users"."id" = ? LIMIT ?[0m  [["id", 2], ["LIMIT", 1]]
  ↳ app/controllers/application_controller.rb:29:in `get_user'
  [1m[36mCACHE User Load (0.0ms)[0m  [1m[34mSELECT "users".* FROM "users" WHERE "users"."id" = ? LIMIT ?[0m  [["id", 2], ["LIMIT", 1]]
  ↳ app/controllers/application_controller.rb:29:in `get_user'
  [1m[36mCACHE User Load (0.0ms)[0m  [1m[34mSELECT "users".* FROM "users" WHERE "users"."id" = ? LIMIT ?[0m  [["id", 2], ["LIMIT", 1]]
  ↳ app/controllers/application_controller.rb:29:in `get_user'
[active_model_serializers]   [1m[36mRestaurant Load (0.2ms)[0m  [1m[34mSELECT "restaurants".* FROM "restaurants" INNER JOIN "favourites" ON "restaurants"."id" = "favourites"."restaurant_id" WHERE "favourites"."user_id" = ?[0m  [["user_id", 2]]
[active_model_serializers]   ↳ app/controllers/users_controller.rb:23:in `validate'
[active_model_serializers] Rendered ActiveModel::Serializer::Null with Hash (3.2ms)
Completed 200 OK in 47ms (Views: 3.8ms | ActiveRecord: 0.4ms | Allocations: 3646)


Started POST "/users" for ::1 at 2020-03-25 16:19:55 +0000
Processing by UsersController#create as JSON
  Parameters: {"username"=>"Bobjim", "first_name"=>"Bob", "last_name"=>"Jim", "email"=>"Bob@jim.com", "password"=>"[FILTERED]", "user"=>{"first_name"=>"Bob", "last_name"=>"Jim", "email"=>"Bob@jim.com", "username"=>"Bobjim"}}
  [1m[35m (0.1ms)[0m  [1m[36mbegin transaction[0m
  ↳ app/controllers/users_controller.rb:32:in `create'
  [1m[36mUser Create (0.4ms)[0m  [1m[32mINSERT INTO "users" ("first_name", "last_name", "email", "password_digest", "created_at", "updated_at", "username") VALUES (?, ?, ?, ?, ?, ?, ?)[0m  [["first_name", "Bob"], ["last_name", "Jim"], ["email", "Bob@jim.com"], ["password_digest", "$2a$12$B3.xFP6X/5m7sVP4vC/Y2ejvUrcw3w42joIKFGWAZwKHhS0rucfam"], ["created_at", "2020-03-25 16:19:55.787432"], ["updated_at", "2020-03-25 16:19:55.787432"], ["username", "Bobjim"]]
  ↳ app/controllers/users_controller.rb:32:in `create'
  [1m[35m (1.7ms)[0m  [1m[36mcommit transaction[0m
  ↳ app/controllers/users_controller.rb:32:in `create'
[active_model_serializers]   [1m[36mRestaurant Load (0.1ms)[0m  [1m[34mSELECT "restaurants".* FROM "restaurants" INNER JOIN "favourites" ON "restaurants"."id" = "favourites"."restaurant_id" WHERE "favourites"."user_id" = ?[0m  [["user_id", 3]]
[active_model_serializers]   ↳ app/serializers/user_serializer.rb:16:in `map'
[active_model_serializers] Rendered UserSerializer with ActiveModelSerializers::Adapter::Attributes (1.55ms)
Completed 201 Created in 277ms (Views: 2.0ms | ActiveRecord: 2.3ms | Allocations: 3296)


Started GET "/validate" for ::1 at 2020-03-25 16:26:20 +0000
  [1m[35m (0.2ms)[0m  [1m[34mSELECT sqlite_version(*)[0m
Processing by UsersController#validate as */*
  [1m[36mUser Load (0.5ms)[0m  [1m[34mSELECT "users".* FROM "users" WHERE "users"."id" IS NULL LIMIT ?[0m  [["LIMIT", 1]]
  ↳ app/controllers/application_controller.rb:29:in `get_user'
[active_model_serializers] Rendered ActiveModel::Serializer::Null with Hash (0.37ms)
Completed 200 OK in 12ms (Views: 2.4ms | ActiveRecord: 0.5ms | Allocations: 828)


Started POST "/users" for ::1 at 2020-03-25 16:26:51 +0000
Processing by UsersController#create as JSON
  Parameters: {"username"=>"Jeff", "first_name"=>"Jeff", "last_name"=>"Jeff", "email"=>"Jeff@j.com", "password"=>"[FILTERED]", "user"=>{"first_name"=>"Jeff", "last_name"=>"Jeff", "email"=>"Jeff@j.com", "username"=>"Jeff"}}
  [1m[35m (0.1ms)[0m  [1m[36mbegin transaction[0m
  ↳ app/controllers/users_controller.rb:32:in `create'
  [1m[36mUser Create (1.9ms)[0m  [1m[32mINSERT INTO "users" ("first_name", "last_name", "email", "password_digest", "created_at", "updated_at", "username") VALUES (?, ?, ?, ?, ?, ?, ?)[0m  [["first_name", "Jeff"], ["last_name", "Jeff"], ["email", "Jeff@j.com"], ["password_digest", "$2a$12$a1PwUNyMXUYmmx6ake7uROupScK/DtlylBqHeA5AlOoA/rYO0GiJm"], ["created_at", "2020-03-25 16:26:51.927575"], ["updated_at", "2020-03-25 16:26:51.927575"], ["username", "Jeff"]]
  ↳ app/controllers/users_controller.rb:32:in `create'
  [1m[35m (2.0ms)[0m  [1m[36mcommit transaction[0m
  ↳ app/controllers/users_controller.rb:32:in `create'
[active_model_serializers]   [1m[36mRestaurant Load (0.6ms)[0m  [1m[34mSELECT "restaurants".* FROM "restaurants" INNER JOIN "favourites" ON "restaurants"."id" = "favourites"."restaurant_id" WHERE "favourites"."user_id" = ?[0m  [["user_id", 4]]
[active_model_serializers]   ↳ app/serializers/user_serializer.rb:16:in `map'
[active_model_serializers] Rendered UserSerializer with ActiveModelSerializers::Adapter::Attributes (4.64ms)
Completed 201 Created in 286ms (Views: 5.5ms | ActiveRecord: 4.5ms | Allocations: 3319)


Started GET "/validate" for ::1 at 2020-03-25 16:27:45 +0000
Processing by UsersController#validate as */*
  [1m[36mUser Load (0.2ms)[0m  [1m[34mSELECT "users".* FROM "users" WHERE "users"."id" IS NULL LIMIT ?[0m  [["LIMIT", 1]]
  ↳ app/controllers/application_controller.rb:29:in `get_user'
[active_model_serializers] Rendered ActiveModel::Serializer::Null with Hash (0.1ms)
Completed 200 OK in 3ms (Views: 0.5ms | ActiveRecord: 0.2ms | Allocations: 804)


Started POST "/users" for ::1 at 2020-03-25 16:28:15 +0000
Processing by UsersController#create as JSON
  Parameters: {"username"=>"testing", "first_name"=>"test", "last_name"=>"test", "email"=>"test@t.com", "password"=>"[FILTERED]", "user"=>{"first_name"=>"test", "last_name"=>"test", "email"=>"test@t.com", "username"=>"testing"}}
  [1m[35m (0.1ms)[0m  [1m[36mbegin transaction[0m
  ↳ app/controllers/users_controller.rb:32:in `create'
  [1m[36mUser Create (1.7ms)[0m  [1m[32mINSERT INTO "users" ("first_name", "last_name", "email", "password_digest", "created_at", "updated_at", "username") VALUES (?, ?, ?, ?, ?, ?, ?)[0m  [["first_name", "test"], ["last_name", "test"], ["email", "test@t.com"], ["password_digest", "$2a$12$rXUTKi2TFg4ljF75iyMpfeVsTWQ2aFOkjCd17pm8iWbP3AWxF2UQm"], ["created_at", "2020-03-25 16:28:15.361827"], ["updated_at", "2020-03-25 16:28:15.361827"], ["username", "testing"]]
  ↳ app/controllers/users_controller.rb:32:in `create'
  [1m[35m (0.9ms)[0m  [1m[36mcommit transaction[0m
  ↳ app/controllers/users_controller.rb:32:in `create'
[active_model_serializers]   [1m[36mRestaurant Load (0.1ms)[0m  [1m[34mSELECT "restaurants".* FROM "restaurants" INNER JOIN "favourites" ON "restaurants"."id" = "favourites"."restaurant_id" WHERE "favourites"."user_id" = ?[0m  [["user_id", 5]]
[active_model_serializers]   ↳ app/serializers/user_serializer.rb:16:in `map'
[active_model_serializers] Rendered UserSerializer with ActiveModelSerializers::Adapter::Attributes (1.6ms)
Completed 201 Created in 281ms (Views: 2.1ms | ActiveRecord: 2.8ms | Allocations: 3295)


Started GET "/validate" for ::1 at 2020-03-25 16:33:12 +0000
Processing by UsersController#validate as */*
  [1m[36mUser Load (0.2ms)[0m  [1m[34mSELECT "users".* FROM "users" WHERE "users"."id" IS NULL LIMIT ?[0m  [["LIMIT", 1]]
  ↳ app/controllers/application_controller.rb:29:in `get_user'
[active_model_serializers] Rendered ActiveModel::Serializer::Null with Hash (0.08ms)
Completed 200 OK in 2ms (Views: 0.4ms | ActiveRecord: 0.2ms | Allocations: 804)


Started GET "/validate" for ::1 at 2020-03-25 16:38:32 +0000
  [1m[35m (0.1ms)[0m  [1m[34mSELECT sqlite_version(*)[0m
  
SyntaxError (/Users/sam/Documents/GitHub/MOD4/foodfind-backend/app/controllers/users_controller.rb:33: syntax error, unexpected ',', expecting =>
          render json: {user, token: generate_token(id: us...
                            ^
/Users/sam/Documents/GitHub/MOD4/foodfind-backend/app/controllers/users_controller.rb:33: syntax error, unexpected ',', expecting end
...n: generate_token(id: user.id), favourites: user.restaurants}
...                              ^
/Users/sam/Documents/GitHub/MOD4/foodfind-backend/app/controllers/users_controller.rb:33: syntax error, unexpected '}', expecting end
..., favourites: user.restaurants}
...                              ^):
  
app/controllers/users_controller.rb:33: syntax error, unexpected ',', expecting =>
app/controllers/users_controller.rb:33: syntax error, unexpected ',', expecting end
app/controllers/users_controller.rb:33: syntax error, unexpected '}', expecting end
app/controllers/users_controller.rb:33: syntax error, unexpected ',', expecting =>
app/controllers/users_controller.rb:33: syntax error, unexpected ',', expecting end
app/controllers/users_controller.rb:33: syntax error, unexpected '}', expecting end
Started GET "/validate" for ::1 at 2020-03-25 16:38:53 +0000
  
SyntaxError (/Users/sam/Documents/GitHub/MOD4/foodfind-backend/app/controllers/users_controller.rb:33: syntax error, unexpected ',', expecting =>
          render json: {user, token: generate_token(id: us...
                            ^
/Users/sam/Documents/GitHub/MOD4/foodfind-backend/app/controllers/users_controller.rb:33: syntax error, unexpected ',', expecting end
...n: generate_token(id: user.id), favourites: user.restaurants}
...                              ^
/Users/sam/Documents/GitHub/MOD4/foodfind-backend/app/controllers/users_controller.rb:33: syntax error, unexpected '}', expecting end
..., favourites: user.restaurants}
...                              ^):
  
app/controllers/users_controller.rb:33: syntax error, unexpected ',', expecting =>
app/controllers/users_controller.rb:33: syntax error, unexpected ',', expecting end
app/controllers/users_controller.rb:33: syntax error, unexpected '}', expecting end
app/controllers/users_controller.rb:33: syntax error, unexpected ',', expecting =>
app/controllers/users_controller.rb:33: syntax error, unexpected ',', expecting end
app/controllers/users_controller.rb:33: syntax error, unexpected '}', expecting end
Started GET "/validate" for ::1 at 2020-03-25 16:39:00 +0000
  
SyntaxError (/Users/sam/Documents/GitHub/MOD4/foodfind-backend/app/controllers/users_controller.rb:33: syntax error, unexpected ',', expecting =>
          render json: {user, token: generate_token(id: us...
                            ^
/Users/sam/Documents/GitHub/MOD4/foodfind-backend/app/controllers/users_controller.rb:33: syntax error, unexpected ',', expecting end
...n: generate_token(id: user.id), favourites: user.restaurants}
...                              ^
/Users/sam/Documents/GitHub/MOD4/foodfind-backend/app/controllers/users_controller.rb:33: syntax error, unexpected '}', expecting end
..., favourites: user.restaurants}
...                              ^):
  
app/controllers/users_controller.rb:33: syntax error, unexpected ',', expecting =>
app/controllers/users_controller.rb:33: syntax error, unexpected ',', expecting end
app/controllers/users_controller.rb:33: syntax error, unexpected '}', expecting end
app/controllers/users_controller.rb:33: syntax error, unexpected ',', expecting =>
app/controllers/users_controller.rb:33: syntax error, unexpected ',', expecting end
app/controllers/users_controller.rb:33: syntax error, unexpected '}', expecting end
Started POST "/users" for ::1 at 2020-03-25 16:39:22 +0000
  
SyntaxError (/Users/sam/Documents/GitHub/MOD4/foodfind-backend/app/controllers/users_controller.rb:33: syntax error, unexpected ',', expecting =>
          render json: {user, token: generate_token(id: us...
                            ^
/Users/sam/Documents/GitHub/MOD4/foodfind-backend/app/controllers/users_controller.rb:33: syntax error, unexpected ',', expecting end
...n: generate_token(id: user.id), favourites: user.restaurants}
...                              ^
/Users/sam/Documents/GitHub/MOD4/foodfind-backend/app/controllers/users_controller.rb:33: syntax error, unexpected '}', expecting end
..., favourites: user.restaurants}
...                              ^):
  
app/controllers/users_controller.rb:33: syntax error, unexpected ',', expecting =>
app/controllers/users_controller.rb:33: syntax error, unexpected ',', expecting end
app/controllers/users_controller.rb:33: syntax error, unexpected '}', expecting end
app/controllers/users_controller.rb:33: syntax error, unexpected ',', expecting =>
app/controllers/users_controller.rb:33: syntax error, unexpected ',', expecting end
app/controllers/users_controller.rb:33: syntax error, unexpected '}', expecting end
Started GET "/validate" for ::1 at 2020-03-25 16:40:56 +0000
  
SyntaxError (/Users/sam/Documents/GitHub/MOD4/foodfind-backend/app/controllers/users_controller.rb:33: syntax error, unexpected ',', expecting =>
          render json: {user, token: generate_token(id: us...
                            ^
/Users/sam/Documents/GitHub/MOD4/foodfind-backend/app/controllers/users_controller.rb:33: syntax error, unexpected ',', expecting end
...n: generate_token(id: user.id), favourites: user.restaurants}
...                              ^
/Users/sam/Documents/GitHub/MOD4/foodfind-backend/app/controllers/users_controller.rb:33: syntax error, unexpected '}', expecting end
..., favourites: user.restaurants}
...                              ^):
  
app/controllers/users_controller.rb:33: syntax error, unexpected ',', expecting =>
app/controllers/users_controller.rb:33: syntax error, unexpected ',', expecting end
app/controllers/users_controller.rb:33: syntax error, unexpected '}', expecting end
app/controllers/users_controller.rb:33: syntax error, unexpected ',', expecting =>
app/controllers/users_controller.rb:33: syntax error, unexpected ',', expecting end
app/controllers/users_controller.rb:33: syntax error, unexpected '}', expecting end
Started GET "/validate" for ::1 at 2020-03-25 16:40:59 +0000
  
SyntaxError (/Users/sam/Documents/GitHub/MOD4/foodfind-backend/app/controllers/users_controller.rb:33: syntax error, unexpected ',', expecting =>
          render json: {user, token: generate_token(id: us...
                            ^
/Users/sam/Documents/GitHub/MOD4/foodfind-backend/app/controllers/users_controller.rb:33: syntax error, unexpected ',', expecting end
...n: generate_token(id: user.id), favourites: user.restaurants}
...                              ^
/Users/sam/Documents/GitHub/MOD4/foodfind-backend/app/controllers/users_controller.rb:33: syntax error, unexpected '}', expecting end
..., favourites: user.restaurants}
...                              ^):
  
app/controllers/users_controller.rb:33: syntax error, unexpected ',', expecting =>
app/controllers/users_controller.rb:33: syntax error, unexpected ',', expecting end
app/controllers/users_controller.rb:33: syntax error, unexpected '}', expecting end
app/controllers/users_controller.rb:33: syntax error, unexpected ',', expecting =>
app/controllers/users_controller.rb:33: syntax error, unexpected ',', expecting end
app/controllers/users_controller.rb:33: syntax error, unexpected '}', expecting end
Started POST "/users" for ::1 at 2020-03-25 16:41:57 +0000
  [1m[35m (0.1ms)[0m  [1m[34mSELECT sqlite_version(*)[0m
Processing by UsersController#create as JSON
  Parameters: {"username"=>"tt", "first_name"=>"t", "last_name"=>"t", "email"=>"t", "password"=>"[FILTERED]", "user"=>{"first_name"=>"t", "last_name"=>"t", "email"=>"t", "username"=>"tt"}}
  [1m[35m (0.1ms)[0m  [1m[36mbegin transaction[0m
  ↳ app/controllers/users_controller.rb:32:in `create'
  [1m[36mUser Create (0.5ms)[0m  [1m[32mINSERT INTO "users" ("first_name", "last_name", "email", "password_digest", "created_at", "updated_at", "username") VALUES (?, ?, ?, ?, ?, ?, ?)[0m  [["first_name", "t"], ["last_name", "t"], ["email", "t"], ["password_digest", "$2a$12$0gSsmnilAbjTEWlc95IGPeHZGahvY/R.7jCTb9A.GSqLvX7/ha1ha"], ["created_at", "2020-03-25 16:41:57.489359"], ["updated_at", "2020-03-25 16:41:57.489359"], ["username", "tt"]]
  ↳ app/controllers/users_controller.rb:32:in `create'
  [1m[35m (2.2ms)[0m  [1m[36mcommit transaction[0m
  ↳ app/controllers/users_controller.rb:32:in `create'
[active_model_serializers]   [1m[36mRestaurant Load (0.1ms)[0m  [1m[34mSELECT "restaurants".* FROM "restaurants" INNER JOIN "favourites" ON "restaurants"."id" = "favourites"."restaurant_id" WHERE "favourites"."user_id" = ?[0m  [["user_id", 6]]
[active_model_serializers]   ↳ app/controllers/users_controller.rb:33:in `create'
[active_model_serializers] Rendered ActiveModel::Serializer::Null with Hash (5.06ms)
Completed 200 OK in 291ms (Views: 4.9ms | ActiveRecord: 4.3ms | Allocations: 11516)


